2021-05-28 09:18:32,474 [main] WARN  org.jsmart.zerocode.parallel.ExecutorServiceRunner - 
LOAD:
-----------------------------------
   ### numberOfThreads : 5
   ### rampUpPeriodInSeconds : 2
   ### loopCount : 10
-----------------------------------

2021-05-28 09:18:32,647 [main] INFO  org.jsmart.zerocode.parallel.ExecutorServiceRunner - Waiting for the next test flight to adjust the overall ramp up time, waiting time in the transit now = 400.0
2021-05-28 09:18:33,094 [main] INFO  org.jsmart.zerocode.parallel.ExecutorServiceRunner - main Executor - *Start... Time = 2021-05-28T09:18:33.078
2021-05-28 09:18:33,094 [main] INFO  org.jsmart.zerocode.parallel.ExecutorServiceRunner - main Executor - *Finished Time = 2021-05-28T09:18:33.094
2021-05-28 09:18:33,094 [main] INFO  org.jsmart.zerocode.parallel.ExecutorServiceRunner - Waiting for the next test flight to adjust the overall ramp up time, waiting time in the transit now = 400.0
2021-05-28 09:18:33,094 [pool-2-thread-1] INFO  org.jsmart.zerocode.core.runner.parallel.LoadProcessor - pool-2-thread-1 Parallel Junit test- *Start. Time = 2021-05-28T09:18:33.094
2021-05-28 09:18:33,125 [pool-2-thread-1] INFO  org.jsmart.zerocode.core.runner.parallel.LoadProcessor - pool-2-thread-1 Parallel Junit test- *  End. Time = 2021-05-28T09:18:33.125
2021-05-28 09:18:33,502 [main] INFO  org.jsmart.zerocode.parallel.ExecutorServiceRunner - main Executor - *Start... Time = 2021-05-28T09:18:33.502
2021-05-28 09:18:33,502 [main] INFO  org.jsmart.zerocode.parallel.ExecutorServiceRunner - main Executor - *Finished Time = 2021-05-28T09:18:33.502
2021-05-28 09:18:33,502 [main] INFO  org.jsmart.zerocode.parallel.ExecutorServiceRunner - Waiting for the next test flight to adjust the overall ramp up time, waiting time in the transit now = 400.0
2021-05-28 09:18:33,502 [pool-2-thread-2] INFO  org.jsmart.zerocode.core.runner.parallel.LoadProcessor - pool-2-thread-2 Parallel Junit test- *Start. Time = 2021-05-28T09:18:33.502
2021-05-28 09:18:33,502 [pool-2-thread-2] INFO  org.jsmart.zerocode.core.runner.parallel.LoadProcessor - pool-2-thread-2 Parallel Junit test- *  End. Time = 2021-05-28T09:18:33.502
2021-05-28 09:18:33,908 [main] INFO  org.jsmart.zerocode.parallel.ExecutorServiceRunner - main Executor - *Start... Time = 2021-05-28T09:18:33.908
2021-05-28 09:18:33,908 [main] INFO  org.jsmart.zerocode.parallel.ExecutorServiceRunner - main Executor - *Finished Time = 2021-05-28T09:18:33.908
2021-05-28 09:18:33,908 [main] INFO  org.jsmart.zerocode.parallel.ExecutorServiceRunner - Waiting for the next test flight to adjust the overall ramp up time, waiting time in the transit now = 400.0
2021-05-28 09:18:33,908 [pool-2-thread-3] INFO  org.jsmart.zerocode.core.runner.parallel.LoadProcessor - pool-2-thread-3 Parallel Junit test- *Start. Time = 2021-05-28T09:18:33.908
2021-05-28 09:18:33,908 [pool-2-thread-3] INFO  org.jsmart.zerocode.core.runner.parallel.LoadProcessor - pool-2-thread-3 Parallel Junit test- *  End. Time = 2021-05-28T09:18:33.908
2021-05-28 09:18:34,320 [main] INFO  org.jsmart.zerocode.parallel.ExecutorServiceRunner - main Executor - *Start... Time = 2021-05-28T09:18:34.320
2021-05-28 09:18:34,320 [main] INFO  org.jsmart.zerocode.parallel.ExecutorServiceRunner - main Executor - *Finished Time = 2021-05-28T09:18:34.320
2021-05-28 09:18:34,320 [main] INFO  org.jsmart.zerocode.parallel.ExecutorServiceRunner - Waiting for the next test flight to adjust the overall ramp up time, waiting time in the transit now = 400.0
2021-05-28 09:18:34,320 [pool-2-thread-4] INFO  org.jsmart.zerocode.core.runner.parallel.LoadProcessor - pool-2-thread-4 Parallel Junit test- *Start. Time = 2021-05-28T09:18:34.320
2021-05-28 09:18:34,320 [pool-2-thread-4] INFO  org.jsmart.zerocode.core.runner.parallel.LoadProcessor - pool-2-thread-4 Parallel Junit test- *  End. Time = 2021-05-28T09:18:34.320
2021-05-28 09:18:34,731 [main] INFO  org.jsmart.zerocode.parallel.ExecutorServiceRunner - main Executor - *Start... Time = 2021-05-28T09:18:34.731
2021-05-28 09:18:34,731 [main] INFO  org.jsmart.zerocode.parallel.ExecutorServiceRunner - main Executor - *Finished Time = 2021-05-28T09:18:34.731
2021-05-28 09:18:34,731 [main] INFO  org.jsmart.zerocode.parallel.ExecutorServiceRunner - Waiting for the next test flight to adjust the overall ramp up time, waiting time in the transit now = 400.0
2021-05-28 09:18:34,731 [pool-2-thread-5] INFO  org.jsmart.zerocode.core.runner.parallel.LoadProcessor - pool-2-thread-5 Parallel Junit test- *Start. Time = 2021-05-28T09:18:34.731
2021-05-28 09:18:34,731 [pool-2-thread-5] INFO  org.jsmart.zerocode.core.runner.parallel.LoadProcessor - pool-2-thread-5 Parallel Junit test- *  End. Time = 2021-05-28T09:18:34.731
2021-05-28 09:18:35,137 [main] INFO  org.jsmart.zerocode.parallel.ExecutorServiceRunner - main Executor - *Start... Time = 2021-05-28T09:18:35.137
2021-05-28 09:18:35,137 [pool-2-thread-1] INFO  org.jsmart.zerocode.core.runner.parallel.LoadProcessor - pool-2-thread-1 Parallel Junit test- *Start. Time = 2021-05-28T09:18:35.137
2021-05-28 09:18:35,137 [main] INFO  org.jsmart.zerocode.parallel.ExecutorServiceRunner - main Executor - *Finished Time = 2021-05-28T09:18:35.137
2021-05-28 09:18:35,137 [main] INFO  org.jsmart.zerocode.parallel.ExecutorServiceRunner - Waiting for the next test flight to adjust the overall ramp up time, waiting time in the transit now = 400.0
2021-05-28 09:18:35,137 [pool-2-thread-1] INFO  org.jsmart.zerocode.core.runner.parallel.LoadProcessor - pool-2-thread-1 Parallel Junit test- *  End. Time = 2021-05-28T09:18:35.137
2021-05-28 09:18:35,550 [main] INFO  org.jsmart.zerocode.parallel.ExecutorServiceRunner - main Executor - *Start... Time = 2021-05-28T09:18:35.550
2021-05-28 09:18:35,550 [main] INFO  org.jsmart.zerocode.parallel.ExecutorServiceRunner - main Executor - *Finished Time = 2021-05-28T09:18:35.550
2021-05-28 09:18:35,550 [pool-2-thread-2] INFO  org.jsmart.zerocode.core.runner.parallel.LoadProcessor - pool-2-thread-2 Parallel Junit test- *Start. Time = 2021-05-28T09:18:35.550
2021-05-28 09:18:35,550 [main] INFO  org.jsmart.zerocode.parallel.ExecutorServiceRunner - Waiting for the next test flight to adjust the overall ramp up time, waiting time in the transit now = 400.0
2021-05-28 09:18:35,550 [pool-2-thread-2] INFO  org.jsmart.zerocode.core.runner.parallel.LoadProcessor - pool-2-thread-2 Parallel Junit test- *  End. Time = 2021-05-28T09:18:35.550
2021-05-28 09:18:35,963 [main] INFO  org.jsmart.zerocode.parallel.ExecutorServiceRunner - main Executor - *Start... Time = 2021-05-28T09:18:35.963
2021-05-28 09:18:35,963 [main] INFO  org.jsmart.zerocode.parallel.ExecutorServiceRunner - main Executor - *Finished Time = 2021-05-28T09:18:35.963
2021-05-28 09:18:35,963 [main] INFO  org.jsmart.zerocode.parallel.ExecutorServiceRunner - Waiting for the next test flight to adjust the overall ramp up time, waiting time in the transit now = 400.0
2021-05-28 09:18:35,963 [pool-2-thread-3] INFO  org.jsmart.zerocode.core.runner.parallel.LoadProcessor - pool-2-thread-3 Parallel Junit test- *Start. Time = 2021-05-28T09:18:35.963
2021-05-28 09:18:35,963 [pool-2-thread-3] INFO  org.jsmart.zerocode.core.runner.parallel.LoadProcessor - pool-2-thread-3 Parallel Junit test- *  End. Time = 2021-05-28T09:18:35.963
2021-05-28 09:18:36,369 [main] INFO  org.jsmart.zerocode.parallel.ExecutorServiceRunner - main Executor - *Start... Time = 2021-05-28T09:18:36.369
2021-05-28 09:18:36,369 [main] INFO  org.jsmart.zerocode.parallel.ExecutorServiceRunner - main Executor - *Finished Time = 2021-05-28T09:18:36.369
2021-05-28 09:18:36,369 [pool-2-thread-4] INFO  org.jsmart.zerocode.core.runner.parallel.LoadProcessor - pool-2-thread-4 Parallel Junit test- *Start. Time = 2021-05-28T09:18:36.369
2021-05-28 09:18:36,369 [main] INFO  org.jsmart.zerocode.parallel.ExecutorServiceRunner - Waiting for the next test flight to adjust the overall ramp up time, waiting time in the transit now = 400.0
2021-05-28 09:18:36,369 [pool-2-thread-4] INFO  org.jsmart.zerocode.core.runner.parallel.LoadProcessor - pool-2-thread-4 Parallel Junit test- *  End. Time = 2021-05-28T09:18:36.369
2021-05-28 09:18:36,776 [main] INFO  org.jsmart.zerocode.parallel.ExecutorServiceRunner - main Executor - *Start... Time = 2021-05-28T09:18:36.776
2021-05-28 09:18:36,776 [pool-2-thread-5] INFO  org.jsmart.zerocode.core.runner.parallel.LoadProcessor - pool-2-thread-5 Parallel Junit test- *Start. Time = 2021-05-28T09:18:36.776
2021-05-28 09:18:36,776 [pool-2-thread-5] INFO  org.jsmart.zerocode.core.runner.parallel.LoadProcessor - pool-2-thread-5 Parallel Junit test- *  End. Time = 2021-05-28T09:18:36.776
2021-05-28 09:18:36,776 [main] INFO  org.jsmart.zerocode.parallel.ExecutorServiceRunner - main Executor - *Finished Time = 2021-05-28T09:18:36.776
2021-05-28 09:18:36,776 [main] INFO  org.jsmart.zerocode.parallel.ExecutorServiceRunner - Waiting for the next test flight to adjust the overall ramp up time, waiting time in the transit now = 400.0
2021-05-28 09:18:37,189 [main] INFO  org.jsmart.zerocode.parallel.ExecutorServiceRunner - main Executor - *Start... Time = 2021-05-28T09:18:37.189
2021-05-28 09:18:37,189 [main] INFO  org.jsmart.zerocode.parallel.ExecutorServiceRunner - main Executor - *Finished Time = 2021-05-28T09:18:37.189
2021-05-28 09:18:37,189 [pool-2-thread-1] INFO  org.jsmart.zerocode.core.runner.parallel.LoadProcessor - pool-2-thread-1 Parallel Junit test- *Start. Time = 2021-05-28T09:18:37.189
2021-05-28 09:18:37,189 [main] INFO  org.jsmart.zerocode.parallel.ExecutorServiceRunner - Waiting for the next test flight to adjust the overall ramp up time, waiting time in the transit now = 400.0
2021-05-28 09:18:37,189 [pool-2-thread-1] INFO  org.jsmart.zerocode.core.runner.parallel.LoadProcessor - pool-2-thread-1 Parallel Junit test- *  End. Time = 2021-05-28T09:18:37.189
2021-05-28 09:18:37,597 [main] INFO  org.jsmart.zerocode.parallel.ExecutorServiceRunner - main Executor - *Start... Time = 2021-05-28T09:18:37.597
2021-05-28 09:18:37,597 [pool-2-thread-2] INFO  org.jsmart.zerocode.core.runner.parallel.LoadProcessor - pool-2-thread-2 Parallel Junit test- *Start. Time = 2021-05-28T09:18:37.597
2021-05-28 09:18:37,597 [main] INFO  org.jsmart.zerocode.parallel.ExecutorServiceRunner - main Executor - *Finished Time = 2021-05-28T09:18:37.597
2021-05-28 09:18:37,597 [main] INFO  org.jsmart.zerocode.parallel.ExecutorServiceRunner - Waiting for the next test flight to adjust the overall ramp up time, waiting time in the transit now = 400.0
2021-05-28 09:18:37,597 [pool-2-thread-2] INFO  org.jsmart.zerocode.core.runner.parallel.LoadProcessor - pool-2-thread-2 Parallel Junit test- *  End. Time = 2021-05-28T09:18:37.597
2021-05-28 09:18:38,004 [main] INFO  org.jsmart.zerocode.parallel.ExecutorServiceRunner - main Executor - *Start... Time = 2021-05-28T09:18:38.004
2021-05-28 09:18:38,004 [main] INFO  org.jsmart.zerocode.parallel.ExecutorServiceRunner - main Executor - *Finished Time = 2021-05-28T09:18:38.004
2021-05-28 09:18:38,004 [pool-2-thread-3] INFO  org.jsmart.zerocode.core.runner.parallel.LoadProcessor - pool-2-thread-3 Parallel Junit test- *Start. Time = 2021-05-28T09:18:38.004
2021-05-28 09:18:38,004 [main] INFO  org.jsmart.zerocode.parallel.ExecutorServiceRunner - Waiting for the next test flight to adjust the overall ramp up time, waiting time in the transit now = 400.0
2021-05-28 09:18:38,004 [pool-2-thread-3] INFO  org.jsmart.zerocode.core.runner.parallel.LoadProcessor - pool-2-thread-3 Parallel Junit test- *  End. Time = 2021-05-28T09:18:38.004
2021-05-28 09:18:38,416 [main] INFO  org.jsmart.zerocode.parallel.ExecutorServiceRunner - main Executor - *Start... Time = 2021-05-28T09:18:38.416
2021-05-28 09:18:38,416 [pool-2-thread-4] INFO  org.jsmart.zerocode.core.runner.parallel.LoadProcessor - pool-2-thread-4 Parallel Junit test- *Start. Time = 2021-05-28T09:18:38.416
2021-05-28 09:18:38,416 [main] INFO  org.jsmart.zerocode.parallel.ExecutorServiceRunner - main Executor - *Finished Time = 2021-05-28T09:18:38.416
2021-05-28 09:18:38,416 [pool-2-thread-4] INFO  org.jsmart.zerocode.core.runner.parallel.LoadProcessor - pool-2-thread-4 Parallel Junit test- *  End. Time = 2021-05-28T09:18:38.416
2021-05-28 09:18:38,416 [main] INFO  org.jsmart.zerocode.parallel.ExecutorServiceRunner - Waiting for the next test flight to adjust the overall ramp up time, waiting time in the transit now = 400.0
2021-05-28 09:18:38,830 [main] INFO  org.jsmart.zerocode.parallel.ExecutorServiceRunner - main Executor - *Start... Time = 2021-05-28T09:18:38.830
2021-05-28 09:18:38,830 [pool-2-thread-5] INFO  org.jsmart.zerocode.core.runner.parallel.LoadProcessor - pool-2-thread-5 Parallel Junit test- *Start. Time = 2021-05-28T09:18:38.830
2021-05-28 09:18:38,830 [main] INFO  org.jsmart.zerocode.parallel.ExecutorServiceRunner - main Executor - *Finished Time = 2021-05-28T09:18:38.830
2021-05-28 09:18:38,830 [pool-2-thread-5] INFO  org.jsmart.zerocode.core.runner.parallel.LoadProcessor - pool-2-thread-5 Parallel Junit test- *  End. Time = 2021-05-28T09:18:38.830
2021-05-28 09:18:38,830 [main] INFO  org.jsmart.zerocode.parallel.ExecutorServiceRunner - Waiting for the next test flight to adjust the overall ramp up time, waiting time in the transit now = 400.0
2021-05-28 09:18:39,236 [main] INFO  org.jsmart.zerocode.parallel.ExecutorServiceRunner - main Executor - *Start... Time = 2021-05-28T09:18:39.236
2021-05-28 09:18:39,236 [main] INFO  org.jsmart.zerocode.parallel.ExecutorServiceRunner - main Executor - *Finished Time = 2021-05-28T09:18:39.236
2021-05-28 09:18:39,236 [pool-2-thread-1] INFO  org.jsmart.zerocode.core.runner.parallel.LoadProcessor - pool-2-thread-1 Parallel Junit test- *Start. Time = 2021-05-28T09:18:39.236
2021-05-28 09:18:39,236 [main] INFO  org.jsmart.zerocode.parallel.ExecutorServiceRunner - Waiting for the next test flight to adjust the overall ramp up time, waiting time in the transit now = 400.0
2021-05-28 09:18:39,236 [pool-2-thread-1] INFO  org.jsmart.zerocode.core.runner.parallel.LoadProcessor - pool-2-thread-1 Parallel Junit test- *  End. Time = 2021-05-28T09:18:39.236
2021-05-28 09:18:39,647 [main] INFO  org.jsmart.zerocode.parallel.ExecutorServiceRunner - main Executor - *Start... Time = 2021-05-28T09:18:39.647
2021-05-28 09:18:39,647 [main] INFO  org.jsmart.zerocode.parallel.ExecutorServiceRunner - main Executor - *Finished Time = 2021-05-28T09:18:39.647
2021-05-28 09:18:39,647 [pool-2-thread-2] INFO  org.jsmart.zerocode.core.runner.parallel.LoadProcessor - pool-2-thread-2 Parallel Junit test- *Start. Time = 2021-05-28T09:18:39.647
2021-05-28 09:18:39,647 [main] INFO  org.jsmart.zerocode.parallel.ExecutorServiceRunner - Waiting for the next test flight to adjust the overall ramp up time, waiting time in the transit now = 400.0
2021-05-28 09:18:39,647 [pool-2-thread-2] INFO  org.jsmart.zerocode.core.runner.parallel.LoadProcessor - pool-2-thread-2 Parallel Junit test- *  End. Time = 2021-05-28T09:18:39.647
2021-05-28 09:18:40,051 [main] INFO  org.jsmart.zerocode.parallel.ExecutorServiceRunner - main Executor - *Start... Time = 2021-05-28T09:18:40.051
2021-05-28 09:18:40,051 [main] INFO  org.jsmart.zerocode.parallel.ExecutorServiceRunner - main Executor - *Finished Time = 2021-05-28T09:18:40.051
2021-05-28 09:18:40,051 [pool-2-thread-3] INFO  org.jsmart.zerocode.core.runner.parallel.LoadProcessor - pool-2-thread-3 Parallel Junit test- *Start. Time = 2021-05-28T09:18:40.051
2021-05-28 09:18:40,051 [main] INFO  org.jsmart.zerocode.parallel.ExecutorServiceRunner - Waiting for the next test flight to adjust the overall ramp up time, waiting time in the transit now = 400.0
2021-05-28 09:18:40,051 [pool-2-thread-3] INFO  org.jsmart.zerocode.core.runner.parallel.LoadProcessor - pool-2-thread-3 Parallel Junit test- *  End. Time = 2021-05-28T09:18:40.051
2021-05-28 09:18:40,459 [main] INFO  org.jsmart.zerocode.parallel.ExecutorServiceRunner - main Executor - *Start... Time = 2021-05-28T09:18:40.459
2021-05-28 09:18:40,459 [pool-2-thread-4] INFO  org.jsmart.zerocode.core.runner.parallel.LoadProcessor - pool-2-thread-4 Parallel Junit test- *Start. Time = 2021-05-28T09:18:40.459
2021-05-28 09:18:40,459 [main] INFO  org.jsmart.zerocode.parallel.ExecutorServiceRunner - main Executor - *Finished Time = 2021-05-28T09:18:40.459
2021-05-28 09:18:40,459 [main] INFO  org.jsmart.zerocode.parallel.ExecutorServiceRunner - Waiting for the next test flight to adjust the overall ramp up time, waiting time in the transit now = 400.0
2021-05-28 09:18:40,459 [pool-2-thread-4] INFO  org.jsmart.zerocode.core.runner.parallel.LoadProcessor - pool-2-thread-4 Parallel Junit test- *  End. Time = 2021-05-28T09:18:40.459
2021-05-28 09:18:40,865 [main] INFO  org.jsmart.zerocode.parallel.ExecutorServiceRunner - main Executor - *Start... Time = 2021-05-28T09:18:40.865
2021-05-28 09:18:40,865 [pool-2-thread-5] INFO  org.jsmart.zerocode.core.runner.parallel.LoadProcessor - pool-2-thread-5 Parallel Junit test- *Start. Time = 2021-05-28T09:18:40.865
2021-05-28 09:18:40,865 [main] INFO  org.jsmart.zerocode.parallel.ExecutorServiceRunner - main Executor - *Finished Time = 2021-05-28T09:18:40.865
2021-05-28 09:18:40,865 [main] INFO  org.jsmart.zerocode.parallel.ExecutorServiceRunner - Waiting for the next test flight to adjust the overall ramp up time, waiting time in the transit now = 400.0
2021-05-28 09:18:40,865 [pool-2-thread-5] INFO  org.jsmart.zerocode.core.runner.parallel.LoadProcessor - pool-2-thread-5 Parallel Junit test- *  End. Time = 2021-05-28T09:18:40.865
2021-05-28 09:18:41,266 [main] INFO  org.jsmart.zerocode.parallel.ExecutorServiceRunner - main Executor - *Start... Time = 2021-05-28T09:18:41.266
2021-05-28 09:18:41,266 [main] INFO  org.jsmart.zerocode.parallel.ExecutorServiceRunner - main Executor - *Finished Time = 2021-05-28T09:18:41.266
2021-05-28 09:18:41,266 [pool-2-thread-1] INFO  org.jsmart.zerocode.core.runner.parallel.LoadProcessor - pool-2-thread-1 Parallel Junit test- *Start. Time = 2021-05-28T09:18:41.266
2021-05-28 09:18:41,266 [main] INFO  org.jsmart.zerocode.parallel.ExecutorServiceRunner - Waiting for the next test flight to adjust the overall ramp up time, waiting time in the transit now = 400.0
2021-05-28 09:18:41,266 [pool-2-thread-1] INFO  org.jsmart.zerocode.core.runner.parallel.LoadProcessor - pool-2-thread-1 Parallel Junit test- *  End. Time = 2021-05-28T09:18:41.266
2021-05-28 09:18:41,674 [main] INFO  org.jsmart.zerocode.parallel.ExecutorServiceRunner - main Executor - *Start... Time = 2021-05-28T09:18:41.674
2021-05-28 09:18:41,674 [main] INFO  org.jsmart.zerocode.parallel.ExecutorServiceRunner - main Executor - *Finished Time = 2021-05-28T09:18:41.674
2021-05-28 09:18:41,674 [pool-2-thread-2] INFO  org.jsmart.zerocode.core.runner.parallel.LoadProcessor - pool-2-thread-2 Parallel Junit test- *Start. Time = 2021-05-28T09:18:41.674
2021-05-28 09:18:41,674 [main] INFO  org.jsmart.zerocode.parallel.ExecutorServiceRunner - Waiting for the next test flight to adjust the overall ramp up time, waiting time in the transit now = 400.0
2021-05-28 09:18:41,674 [pool-2-thread-2] INFO  org.jsmart.zerocode.core.runner.parallel.LoadProcessor - pool-2-thread-2 Parallel Junit test- *  End. Time = 2021-05-28T09:18:41.674
2021-05-28 09:18:42,080 [main] INFO  org.jsmart.zerocode.parallel.ExecutorServiceRunner - main Executor - *Start... Time = 2021-05-28T09:18:42.080
2021-05-28 09:18:42,080 [main] INFO  org.jsmart.zerocode.parallel.ExecutorServiceRunner - main Executor - *Finished Time = 2021-05-28T09:18:42.080
2021-05-28 09:18:42,080 [pool-2-thread-3] INFO  org.jsmart.zerocode.core.runner.parallel.LoadProcessor - pool-2-thread-3 Parallel Junit test- *Start. Time = 2021-05-28T09:18:42.080
2021-05-28 09:18:42,080 [pool-2-thread-3] INFO  org.jsmart.zerocode.core.runner.parallel.LoadProcessor - pool-2-thread-3 Parallel Junit test- *  End. Time = 2021-05-28T09:18:42.080
2021-05-28 09:18:42,080 [main] INFO  org.jsmart.zerocode.parallel.ExecutorServiceRunner - Waiting for the next test flight to adjust the overall ramp up time, waiting time in the transit now = 400.0
2021-05-28 09:18:42,492 [main] INFO  org.jsmart.zerocode.parallel.ExecutorServiceRunner - main Executor - *Start... Time = 2021-05-28T09:18:42.492
2021-05-28 09:18:42,492 [pool-2-thread-4] INFO  org.jsmart.zerocode.core.runner.parallel.LoadProcessor - pool-2-thread-4 Parallel Junit test- *Start. Time = 2021-05-28T09:18:42.492
2021-05-28 09:18:42,492 [pool-2-thread-4] INFO  org.jsmart.zerocode.core.runner.parallel.LoadProcessor - pool-2-thread-4 Parallel Junit test- *  End. Time = 2021-05-28T09:18:42.492
2021-05-28 09:18:42,492 [main] INFO  org.jsmart.zerocode.parallel.ExecutorServiceRunner - main Executor - *Finished Time = 2021-05-28T09:18:42.492
2021-05-28 09:18:42,492 [main] INFO  org.jsmart.zerocode.parallel.ExecutorServiceRunner - Waiting for the next test flight to adjust the overall ramp up time, waiting time in the transit now = 400.0
2021-05-28 09:18:42,904 [main] INFO  org.jsmart.zerocode.parallel.ExecutorServiceRunner - main Executor - *Start... Time = 2021-05-28T09:18:42.904
2021-05-28 09:18:42,904 [pool-2-thread-5] INFO  org.jsmart.zerocode.core.runner.parallel.LoadProcessor - pool-2-thread-5 Parallel Junit test- *Start. Time = 2021-05-28T09:18:42.904
2021-05-28 09:18:42,904 [main] INFO  org.jsmart.zerocode.parallel.ExecutorServiceRunner - main Executor - *Finished Time = 2021-05-28T09:18:42.904
2021-05-28 09:18:42,904 [main] INFO  org.jsmart.zerocode.parallel.ExecutorServiceRunner - Waiting for the next test flight to adjust the overall ramp up time, waiting time in the transit now = 400.0
2021-05-28 09:18:42,904 [pool-2-thread-5] INFO  org.jsmart.zerocode.core.runner.parallel.LoadProcessor - pool-2-thread-5 Parallel Junit test- *  End. Time = 2021-05-28T09:18:42.904
2021-05-28 09:18:43,315 [main] INFO  org.jsmart.zerocode.parallel.ExecutorServiceRunner - main Executor - *Start... Time = 2021-05-28T09:18:43.315
2021-05-28 09:18:43,315 [main] INFO  org.jsmart.zerocode.parallel.ExecutorServiceRunner - main Executor - *Finished Time = 2021-05-28T09:18:43.315
2021-05-28 09:18:43,315 [pool-2-thread-1] INFO  org.jsmart.zerocode.core.runner.parallel.LoadProcessor - pool-2-thread-1 Parallel Junit test- *Start. Time = 2021-05-28T09:18:43.315
2021-05-28 09:18:43,315 [main] INFO  org.jsmart.zerocode.parallel.ExecutorServiceRunner - Waiting for the next test flight to adjust the overall ramp up time, waiting time in the transit now = 400.0
2021-05-28 09:18:43,315 [pool-2-thread-1] INFO  org.jsmart.zerocode.core.runner.parallel.LoadProcessor - pool-2-thread-1 Parallel Junit test- *  End. Time = 2021-05-28T09:18:43.315
2021-05-28 09:18:43,721 [main] INFO  org.jsmart.zerocode.parallel.ExecutorServiceRunner - main Executor - *Start... Time = 2021-05-28T09:18:43.721
2021-05-28 09:18:43,721 [pool-2-thread-2] INFO  org.jsmart.zerocode.core.runner.parallel.LoadProcessor - pool-2-thread-2 Parallel Junit test- *Start. Time = 2021-05-28T09:18:43.721
2021-05-28 09:18:43,721 [main] INFO  org.jsmart.zerocode.parallel.ExecutorServiceRunner - main Executor - *Finished Time = 2021-05-28T09:18:43.721
2021-05-28 09:18:43,721 [pool-2-thread-2] INFO  org.jsmart.zerocode.core.runner.parallel.LoadProcessor - pool-2-thread-2 Parallel Junit test- *  End. Time = 2021-05-28T09:18:43.721
2021-05-28 09:18:43,721 [main] INFO  org.jsmart.zerocode.parallel.ExecutorServiceRunner - Waiting for the next test flight to adjust the overall ramp up time, waiting time in the transit now = 400.0
2021-05-28 09:18:44,150 [main] INFO  org.jsmart.zerocode.parallel.ExecutorServiceRunner - main Executor - *Start... Time = 2021-05-28T09:18:44.150
2021-05-28 09:18:44,150 [pool-2-thread-3] INFO  org.jsmart.zerocode.core.runner.parallel.LoadProcessor - pool-2-thread-3 Parallel Junit test- *Start. Time = 2021-05-28T09:18:44.150
2021-05-28 09:18:44,150 [pool-2-thread-3] INFO  org.jsmart.zerocode.core.runner.parallel.LoadProcessor - pool-2-thread-3 Parallel Junit test- *  End. Time = 2021-05-28T09:18:44.150
2021-05-28 09:18:44,150 [main] INFO  org.jsmart.zerocode.parallel.ExecutorServiceRunner - main Executor - *Finished Time = 2021-05-28T09:18:44.150
2021-05-28 09:18:44,150 [main] INFO  org.jsmart.zerocode.parallel.ExecutorServiceRunner - Waiting for the next test flight to adjust the overall ramp up time, waiting time in the transit now = 400.0
2021-05-28 09:18:44,563 [main] INFO  org.jsmart.zerocode.parallel.ExecutorServiceRunner - main Executor - *Start... Time = 2021-05-28T09:18:44.563
2021-05-28 09:18:44,563 [pool-2-thread-4] INFO  org.jsmart.zerocode.core.runner.parallel.LoadProcessor - pool-2-thread-4 Parallel Junit test- *Start. Time = 2021-05-28T09:18:44.563
2021-05-28 09:18:44,563 [pool-2-thread-4] INFO  org.jsmart.zerocode.core.runner.parallel.LoadProcessor - pool-2-thread-4 Parallel Junit test- *  End. Time = 2021-05-28T09:18:44.563
2021-05-28 09:18:44,563 [main] INFO  org.jsmart.zerocode.parallel.ExecutorServiceRunner - main Executor - *Finished Time = 2021-05-28T09:18:44.563
2021-05-28 09:18:44,563 [main] INFO  org.jsmart.zerocode.parallel.ExecutorServiceRunner - Waiting for the next test flight to adjust the overall ramp up time, waiting time in the transit now = 400.0
2021-05-28 09:18:44,969 [main] INFO  org.jsmart.zerocode.parallel.ExecutorServiceRunner - main Executor - *Start... Time = 2021-05-28T09:18:44.969
2021-05-28 09:18:44,969 [pool-2-thread-5] INFO  org.jsmart.zerocode.core.runner.parallel.LoadProcessor - pool-2-thread-5 Parallel Junit test- *Start. Time = 2021-05-28T09:18:44.969
2021-05-28 09:18:44,969 [main] INFO  org.jsmart.zerocode.parallel.ExecutorServiceRunner - main Executor - *Finished Time = 2021-05-28T09:18:44.969
2021-05-28 09:18:44,969 [pool-2-thread-5] INFO  org.jsmart.zerocode.core.runner.parallel.LoadProcessor - pool-2-thread-5 Parallel Junit test- *  End. Time = 2021-05-28T09:18:44.969
2021-05-28 09:18:44,969 [main] INFO  org.jsmart.zerocode.parallel.ExecutorServiceRunner - Waiting for the next test flight to adjust the overall ramp up time, waiting time in the transit now = 400.0
2021-05-28 09:18:45,373 [main] INFO  org.jsmart.zerocode.parallel.ExecutorServiceRunner - main Executor - *Start... Time = 2021-05-28T09:18:45.373
2021-05-28 09:18:45,373 [pool-2-thread-1] INFO  org.jsmart.zerocode.core.runner.parallel.LoadProcessor - pool-2-thread-1 Parallel Junit test- *Start. Time = 2021-05-28T09:18:45.373
2021-05-28 09:18:45,373 [pool-2-thread-1] INFO  org.jsmart.zerocode.core.runner.parallel.LoadProcessor - pool-2-thread-1 Parallel Junit test- *  End. Time = 2021-05-28T09:18:45.373
2021-05-28 09:18:45,373 [main] INFO  org.jsmart.zerocode.parallel.ExecutorServiceRunner - main Executor - *Finished Time = 2021-05-28T09:18:45.373
2021-05-28 09:18:45,373 [main] INFO  org.jsmart.zerocode.parallel.ExecutorServiceRunner - Waiting for the next test flight to adjust the overall ramp up time, waiting time in the transit now = 400.0
2021-05-28 09:18:45,781 [main] INFO  org.jsmart.zerocode.parallel.ExecutorServiceRunner - main Executor - *Start... Time = 2021-05-28T09:18:45.781
2021-05-28 09:18:45,781 [pool-2-thread-2] INFO  org.jsmart.zerocode.core.runner.parallel.LoadProcessor - pool-2-thread-2 Parallel Junit test- *Start. Time = 2021-05-28T09:18:45.781
2021-05-28 09:18:45,781 [pool-2-thread-2] INFO  org.jsmart.zerocode.core.runner.parallel.LoadProcessor - pool-2-thread-2 Parallel Junit test- *  End. Time = 2021-05-28T09:18:45.781
2021-05-28 09:18:45,781 [main] INFO  org.jsmart.zerocode.parallel.ExecutorServiceRunner - main Executor - *Finished Time = 2021-05-28T09:18:45.781
2021-05-28 09:18:45,781 [main] INFO  org.jsmart.zerocode.parallel.ExecutorServiceRunner - Waiting for the next test flight to adjust the overall ramp up time, waiting time in the transit now = 400.0
2021-05-28 09:18:46,187 [main] INFO  org.jsmart.zerocode.parallel.ExecutorServiceRunner - main Executor - *Start... Time = 2021-05-28T09:18:46.187
2021-05-28 09:18:46,187 [main] INFO  org.jsmart.zerocode.parallel.ExecutorServiceRunner - main Executor - *Finished Time = 2021-05-28T09:18:46.187
2021-05-28 09:18:46,187 [pool-2-thread-3] INFO  org.jsmart.zerocode.core.runner.parallel.LoadProcessor - pool-2-thread-3 Parallel Junit test- *Start. Time = 2021-05-28T09:18:46.187
2021-05-28 09:18:46,187 [main] INFO  org.jsmart.zerocode.parallel.ExecutorServiceRunner - Waiting for the next test flight to adjust the overall ramp up time, waiting time in the transit now = 400.0
2021-05-28 09:18:46,187 [pool-2-thread-3] INFO  org.jsmart.zerocode.core.runner.parallel.LoadProcessor - pool-2-thread-3 Parallel Junit test- *  End. Time = 2021-05-28T09:18:46.187
2021-05-28 09:18:46,599 [main] INFO  org.jsmart.zerocode.parallel.ExecutorServiceRunner - main Executor - *Start... Time = 2021-05-28T09:18:46.599
2021-05-28 09:18:46,599 [pool-2-thread-4] INFO  org.jsmart.zerocode.core.runner.parallel.LoadProcessor - pool-2-thread-4 Parallel Junit test- *Start. Time = 2021-05-28T09:18:46.599
2021-05-28 09:18:46,599 [main] INFO  org.jsmart.zerocode.parallel.ExecutorServiceRunner - main Executor - *Finished Time = 2021-05-28T09:18:46.599
2021-05-28 09:18:46,599 [main] INFO  org.jsmart.zerocode.parallel.ExecutorServiceRunner - Waiting for the next test flight to adjust the overall ramp up time, waiting time in the transit now = 400.0
2021-05-28 09:18:46,599 [pool-2-thread-4] INFO  org.jsmart.zerocode.core.runner.parallel.LoadProcessor - pool-2-thread-4 Parallel Junit test- *  End. Time = 2021-05-28T09:18:46.599
2021-05-28 09:18:47,010 [main] INFO  org.jsmart.zerocode.parallel.ExecutorServiceRunner - main Executor - *Start... Time = 2021-05-28T09:18:47.010
2021-05-28 09:18:47,010 [main] INFO  org.jsmart.zerocode.parallel.ExecutorServiceRunner - main Executor - *Finished Time = 2021-05-28T09:18:47.010
2021-05-28 09:18:47,010 [pool-2-thread-5] INFO  org.jsmart.zerocode.core.runner.parallel.LoadProcessor - pool-2-thread-5 Parallel Junit test- *Start. Time = 2021-05-28T09:18:47.010
2021-05-28 09:18:47,010 [main] INFO  org.jsmart.zerocode.parallel.ExecutorServiceRunner - Waiting for the next test flight to adjust the overall ramp up time, waiting time in the transit now = 400.0
2021-05-28 09:18:47,010 [pool-2-thread-5] INFO  org.jsmart.zerocode.core.runner.parallel.LoadProcessor - pool-2-thread-5 Parallel Junit test- *  End. Time = 2021-05-28T09:18:47.010
2021-05-28 09:18:47,423 [main] INFO  org.jsmart.zerocode.parallel.ExecutorServiceRunner - main Executor - *Start... Time = 2021-05-28T09:18:47.423
2021-05-28 09:18:47,423 [main] INFO  org.jsmart.zerocode.parallel.ExecutorServiceRunner - main Executor - *Finished Time = 2021-05-28T09:18:47.423
2021-05-28 09:18:47,423 [main] INFO  org.jsmart.zerocode.parallel.ExecutorServiceRunner - Waiting for the next test flight to adjust the overall ramp up time, waiting time in the transit now = 400.0
2021-05-28 09:18:47,423 [pool-2-thread-1] INFO  org.jsmart.zerocode.core.runner.parallel.LoadProcessor - pool-2-thread-1 Parallel Junit test- *Start. Time = 2021-05-28T09:18:47.423
2021-05-28 09:18:47,423 [pool-2-thread-1] INFO  org.jsmart.zerocode.core.runner.parallel.LoadProcessor - pool-2-thread-1 Parallel Junit test- *  End. Time = 2021-05-28T09:18:47.423
2021-05-28 09:18:47,837 [main] INFO  org.jsmart.zerocode.parallel.ExecutorServiceRunner - main Executor - *Start... Time = 2021-05-28T09:18:47.837
2021-05-28 09:18:47,837 [main] INFO  org.jsmart.zerocode.parallel.ExecutorServiceRunner - main Executor - *Finished Time = 2021-05-28T09:18:47.837
2021-05-28 09:18:47,837 [pool-2-thread-2] INFO  org.jsmart.zerocode.core.runner.parallel.LoadProcessor - pool-2-thread-2 Parallel Junit test- *Start. Time = 2021-05-28T09:18:47.837
2021-05-28 09:18:47,837 [main] INFO  org.jsmart.zerocode.parallel.ExecutorServiceRunner - Waiting for the next test flight to adjust the overall ramp up time, waiting time in the transit now = 400.0
2021-05-28 09:18:47,837 [pool-2-thread-2] INFO  org.jsmart.zerocode.core.runner.parallel.LoadProcessor - pool-2-thread-2 Parallel Junit test- *  End. Time = 2021-05-28T09:18:47.837
2021-05-28 09:18:48,250 [main] INFO  org.jsmart.zerocode.parallel.ExecutorServiceRunner - main Executor - *Start... Time = 2021-05-28T09:18:48.250
2021-05-28 09:18:48,250 [main] INFO  org.jsmart.zerocode.parallel.ExecutorServiceRunner - main Executor - *Finished Time = 2021-05-28T09:18:48.250
2021-05-28 09:18:48,250 [pool-2-thread-3] INFO  org.jsmart.zerocode.core.runner.parallel.LoadProcessor - pool-2-thread-3 Parallel Junit test- *Start. Time = 2021-05-28T09:18:48.250
2021-05-28 09:18:48,250 [main] INFO  org.jsmart.zerocode.parallel.ExecutorServiceRunner - Waiting for the next test flight to adjust the overall ramp up time, waiting time in the transit now = 400.0
2021-05-28 09:18:48,250 [pool-2-thread-3] INFO  org.jsmart.zerocode.core.runner.parallel.LoadProcessor - pool-2-thread-3 Parallel Junit test- *  End. Time = 2021-05-28T09:18:48.250
2021-05-28 09:18:48,662 [main] INFO  org.jsmart.zerocode.parallel.ExecutorServiceRunner - main Executor - *Start... Time = 2021-05-28T09:18:48.662
2021-05-28 09:18:48,662 [main] INFO  org.jsmart.zerocode.parallel.ExecutorServiceRunner - main Executor - *Finished Time = 2021-05-28T09:18:48.662
2021-05-28 09:18:48,662 [pool-2-thread-4] INFO  org.jsmart.zerocode.core.runner.parallel.LoadProcessor - pool-2-thread-4 Parallel Junit test- *Start. Time = 2021-05-28T09:18:48.662
2021-05-28 09:18:48,662 [main] INFO  org.jsmart.zerocode.parallel.ExecutorServiceRunner - Waiting for the next test flight to adjust the overall ramp up time, waiting time in the transit now = 400.0
2021-05-28 09:18:48,662 [pool-2-thread-4] INFO  org.jsmart.zerocode.core.runner.parallel.LoadProcessor - pool-2-thread-4 Parallel Junit test- *  End. Time = 2021-05-28T09:18:48.662
2021-05-28 09:18:49,069 [main] INFO  org.jsmart.zerocode.parallel.ExecutorServiceRunner - main Executor - *Start... Time = 2021-05-28T09:18:49.069
2021-05-28 09:18:49,069 [main] INFO  org.jsmart.zerocode.parallel.ExecutorServiceRunner - main Executor - *Finished Time = 2021-05-28T09:18:49.069
2021-05-28 09:18:49,069 [pool-2-thread-5] INFO  org.jsmart.zerocode.core.runner.parallel.LoadProcessor - pool-2-thread-5 Parallel Junit test- *Start. Time = 2021-05-28T09:18:49.069
2021-05-28 09:18:49,069 [main] INFO  org.jsmart.zerocode.parallel.ExecutorServiceRunner - Waiting for the next test flight to adjust the overall ramp up time, waiting time in the transit now = 400.0
2021-05-28 09:18:49,069 [pool-2-thread-5] INFO  org.jsmart.zerocode.core.runner.parallel.LoadProcessor - pool-2-thread-5 Parallel Junit test- *  End. Time = 2021-05-28T09:18:49.069
2021-05-28 09:18:49,472 [main] INFO  org.jsmart.zerocode.parallel.ExecutorServiceRunner - main Executor - *Start... Time = 2021-05-28T09:18:49.472
2021-05-28 09:18:49,472 [pool-2-thread-1] INFO  org.jsmart.zerocode.core.runner.parallel.LoadProcessor - pool-2-thread-1 Parallel Junit test- *Start. Time = 2021-05-28T09:18:49.472
2021-05-28 09:18:49,472 [main] INFO  org.jsmart.zerocode.parallel.ExecutorServiceRunner - main Executor - *Finished Time = 2021-05-28T09:18:49.472
2021-05-28 09:18:49,472 [pool-2-thread-1] INFO  org.jsmart.zerocode.core.runner.parallel.LoadProcessor - pool-2-thread-1 Parallel Junit test- *  End. Time = 2021-05-28T09:18:49.472
2021-05-28 09:18:49,472 [main] INFO  org.jsmart.zerocode.parallel.ExecutorServiceRunner - Waiting for the next test flight to adjust the overall ramp up time, waiting time in the transit now = 400.0
2021-05-28 09:18:49,881 [main] INFO  org.jsmart.zerocode.parallel.ExecutorServiceRunner - main Executor - *Start... Time = 2021-05-28T09:18:49.881
2021-05-28 09:18:49,881 [main] INFO  org.jsmart.zerocode.parallel.ExecutorServiceRunner - main Executor - *Finished Time = 2021-05-28T09:18:49.881
2021-05-28 09:18:49,881 [pool-2-thread-2] INFO  org.jsmart.zerocode.core.runner.parallel.LoadProcessor - pool-2-thread-2 Parallel Junit test- *Start. Time = 2021-05-28T09:18:49.881
2021-05-28 09:18:49,881 [main] INFO  org.jsmart.zerocode.parallel.ExecutorServiceRunner - Waiting for the next test flight to adjust the overall ramp up time, waiting time in the transit now = 400.0
2021-05-28 09:18:49,881 [pool-2-thread-2] INFO  org.jsmart.zerocode.core.runner.parallel.LoadProcessor - pool-2-thread-2 Parallel Junit test- *  End. Time = 2021-05-28T09:18:49.881
2021-05-28 09:18:50,286 [main] INFO  org.jsmart.zerocode.parallel.ExecutorServiceRunner - main Executor - *Start... Time = 2021-05-28T09:18:50.286
2021-05-28 09:18:50,286 [main] INFO  org.jsmart.zerocode.parallel.ExecutorServiceRunner - main Executor - *Finished Time = 2021-05-28T09:18:50.286
2021-05-28 09:18:50,286 [pool-2-thread-3] INFO  org.jsmart.zerocode.core.runner.parallel.LoadProcessor - pool-2-thread-3 Parallel Junit test- *Start. Time = 2021-05-28T09:18:50.286
2021-05-28 09:18:50,286 [main] INFO  org.jsmart.zerocode.parallel.ExecutorServiceRunner - Waiting for the next test flight to adjust the overall ramp up time, waiting time in the transit now = 400.0
2021-05-28 09:18:50,286 [pool-2-thread-3] INFO  org.jsmart.zerocode.core.runner.parallel.LoadProcessor - pool-2-thread-3 Parallel Junit test- *  End. Time = 2021-05-28T09:18:50.286
2021-05-28 09:18:50,693 [main] INFO  org.jsmart.zerocode.parallel.ExecutorServiceRunner - main Executor - *Start... Time = 2021-05-28T09:18:50.693
2021-05-28 09:18:50,693 [pool-2-thread-4] INFO  org.jsmart.zerocode.core.runner.parallel.LoadProcessor - pool-2-thread-4 Parallel Junit test- *Start. Time = 2021-05-28T09:18:50.693
2021-05-28 09:18:50,693 [main] INFO  org.jsmart.zerocode.parallel.ExecutorServiceRunner - main Executor - *Finished Time = 2021-05-28T09:18:50.693
2021-05-28 09:18:50,693 [pool-2-thread-4] INFO  org.jsmart.zerocode.core.runner.parallel.LoadProcessor - pool-2-thread-4 Parallel Junit test- *  End. Time = 2021-05-28T09:18:50.693
2021-05-28 09:18:50,693 [main] INFO  org.jsmart.zerocode.parallel.ExecutorServiceRunner - Waiting for the next test flight to adjust the overall ramp up time, waiting time in the transit now = 400.0
2021-05-28 09:18:51,107 [main] INFO  org.jsmart.zerocode.parallel.ExecutorServiceRunner - main Executor - *Start... Time = 2021-05-28T09:18:51.107
2021-05-28 09:18:51,107 [main] INFO  org.jsmart.zerocode.parallel.ExecutorServiceRunner - main Executor - *Finished Time = 2021-05-28T09:18:51.107
2021-05-28 09:18:51,107 [pool-2-thread-5] INFO  org.jsmart.zerocode.core.runner.parallel.LoadProcessor - pool-2-thread-5 Parallel Junit test- *Start. Time = 2021-05-28T09:18:51.107
2021-05-28 09:18:51,107 [main] INFO  org.jsmart.zerocode.parallel.ExecutorServiceRunner - Waiting for the next test flight to adjust the overall ramp up time, waiting time in the transit now = 400.0
2021-05-28 09:18:51,107 [pool-2-thread-5] INFO  org.jsmart.zerocode.core.runner.parallel.LoadProcessor - pool-2-thread-5 Parallel Junit test- *  End. Time = 2021-05-28T09:18:51.107
2021-05-28 09:18:51,513 [main] INFO  org.jsmart.zerocode.parallel.ExecutorServiceRunner - main Executor - *Start... Time = 2021-05-28T09:18:51.513
2021-05-28 09:18:51,513 [pool-2-thread-1] INFO  org.jsmart.zerocode.core.runner.parallel.LoadProcessor - pool-2-thread-1 Parallel Junit test- *Start. Time = 2021-05-28T09:18:51.513
2021-05-28 09:18:51,513 [main] INFO  org.jsmart.zerocode.parallel.ExecutorServiceRunner - main Executor - *Finished Time = 2021-05-28T09:18:51.513
2021-05-28 09:18:51,513 [pool-2-thread-1] INFO  org.jsmart.zerocode.core.runner.parallel.LoadProcessor - pool-2-thread-1 Parallel Junit test- *  End. Time = 2021-05-28T09:18:51.513
2021-05-28 09:18:51,513 [main] INFO  org.jsmart.zerocode.parallel.ExecutorServiceRunner - Waiting for the next test flight to adjust the overall ramp up time, waiting time in the transit now = 400.0
2021-05-28 09:18:51,924 [main] INFO  org.jsmart.zerocode.parallel.ExecutorServiceRunner - main Executor - *Start... Time = 2021-05-28T09:18:51.924
2021-05-28 09:18:51,924 [main] INFO  org.jsmart.zerocode.parallel.ExecutorServiceRunner - main Executor - *Finished Time = 2021-05-28T09:18:51.924
2021-05-28 09:18:51,924 [pool-2-thread-2] INFO  org.jsmart.zerocode.core.runner.parallel.LoadProcessor - pool-2-thread-2 Parallel Junit test- *Start. Time = 2021-05-28T09:18:51.924
2021-05-28 09:18:51,924 [main] INFO  org.jsmart.zerocode.parallel.ExecutorServiceRunner - Waiting for the next test flight to adjust the overall ramp up time, waiting time in the transit now = 400.0
2021-05-28 09:18:51,924 [pool-2-thread-2] INFO  org.jsmart.zerocode.core.runner.parallel.LoadProcessor - pool-2-thread-2 Parallel Junit test- *  End. Time = 2021-05-28T09:18:51.924
2021-05-28 09:18:52,335 [main] INFO  org.jsmart.zerocode.parallel.ExecutorServiceRunner - main Executor - *Start... Time = 2021-05-28T09:18:52.335
2021-05-28 09:18:52,335 [pool-2-thread-3] INFO  org.jsmart.zerocode.core.runner.parallel.LoadProcessor - pool-2-thread-3 Parallel Junit test- *Start. Time = 2021-05-28T09:18:52.335
2021-05-28 09:18:52,335 [main] INFO  org.jsmart.zerocode.parallel.ExecutorServiceRunner - main Executor - *Finished Time = 2021-05-28T09:18:52.335
2021-05-28 09:18:52,335 [main] INFO  org.jsmart.zerocode.parallel.ExecutorServiceRunner - Waiting for the next test flight to adjust the overall ramp up time, waiting time in the transit now = 400.0
2021-05-28 09:18:52,335 [pool-2-thread-3] INFO  org.jsmart.zerocode.core.runner.parallel.LoadProcessor - pool-2-thread-3 Parallel Junit test- *  End. Time = 2021-05-28T09:18:52.335
2021-05-28 09:18:52,741 [main] INFO  org.jsmart.zerocode.parallel.ExecutorServiceRunner - main Executor - *Start... Time = 2021-05-28T09:18:52.741
2021-05-28 09:18:52,741 [main] INFO  org.jsmart.zerocode.parallel.ExecutorServiceRunner - main Executor - *Finished Time = 2021-05-28T09:18:52.741
2021-05-28 09:18:52,741 [pool-2-thread-4] INFO  org.jsmart.zerocode.core.runner.parallel.LoadProcessor - pool-2-thread-4 Parallel Junit test- *Start. Time = 2021-05-28T09:18:52.741
2021-05-28 09:18:52,741 [main] INFO  org.jsmart.zerocode.parallel.ExecutorServiceRunner - Waiting for the next test flight to adjust the overall ramp up time, waiting time in the transit now = 400.0
2021-05-28 09:18:52,741 [pool-2-thread-4] INFO  org.jsmart.zerocode.core.runner.parallel.LoadProcessor - pool-2-thread-4 Parallel Junit test- *  End. Time = 2021-05-28T09:18:52.741
2021-05-28 09:18:53,147 [main] INFO  org.jsmart.zerocode.parallel.ExecutorServiceRunner - main Executor - *Start... Time = 2021-05-28T09:18:53.147
2021-05-28 09:18:53,147 [pool-2-thread-5] INFO  org.jsmart.zerocode.core.runner.parallel.LoadProcessor - pool-2-thread-5 Parallel Junit test- *Start. Time = 2021-05-28T09:18:53.147
2021-05-28 09:18:53,147 [main] INFO  org.jsmart.zerocode.parallel.ExecutorServiceRunner - main Executor - *Finished Time = 2021-05-28T09:18:53.147
2021-05-28 09:18:53,147 [pool-2-thread-5] INFO  org.jsmart.zerocode.core.runner.parallel.LoadProcessor - pool-2-thread-5 Parallel Junit test- *  End. Time = 2021-05-28T09:18:53.147
2021-05-28 09:18:53,147 [main] INFO  org.jsmart.zerocode.parallel.ExecutorServiceRunner - **Finished executing all threads**
2021-05-28 09:18:53,147 [main] WARN  org.jsmart.zerocode.core.runner.parallel.LoadProcessor - 
-----------------------------------------------------------------------------------------------------------
==>> Completed this load-run!
==>> Number of load tests ran : 50
==>> View the detailed performance results in the 'target/zerocode-junit-granular-report.csv' folder.
-----------------------------------------------------------------------------------------------------------


2021-05-28 09:18:53,147 [main] ERROR org.jsmart.zerocode.core.runner.parallel.ZeroCodeLoadRunner - TestAlgorithm.compare Failed. See target/logs -or- junit granular failure report(csv) -or- fuzzy search and filter report(html) for details
2021-05-28 09:21:34,898 [main] WARN  org.jsmart.zerocode.parallel.ExecutorServiceRunner - 
LOAD:
-----------------------------------
   ### numberOfThreads : 5
   ### rampUpPeriodInSeconds : 2
   ### loopCount : 10
-----------------------------------

2021-05-28 09:21:35,085 [main] INFO  org.jsmart.zerocode.parallel.ExecutorServiceRunner - Waiting for the next test flight to adjust the overall ramp up time, waiting time in the transit now = 400.0
2021-05-28 09:21:35,523 [main] INFO  org.jsmart.zerocode.parallel.ExecutorServiceRunner - main Executor - *Start... Time = 2021-05-28T09:21:35.523
2021-05-28 09:21:35,523 [main] INFO  org.jsmart.zerocode.parallel.ExecutorServiceRunner - main Executor - *Finished Time = 2021-05-28T09:21:35.523
2021-05-28 09:21:35,523 [main] INFO  org.jsmart.zerocode.parallel.ExecutorServiceRunner - Waiting for the next test flight to adjust the overall ramp up time, waiting time in the transit now = 400.0
2021-05-28 09:21:35,523 [pool-2-thread-1] INFO  org.jsmart.zerocode.core.runner.parallel.LoadProcessor - pool-2-thread-1 Parallel Junit test- *Start. Time = 2021-05-28T09:21:35.523
2021-05-28 09:21:35,570 [pool-2-thread-1] INFO  org.jsmart.zerocode.core.runner.parallel.LoadProcessor - pool-2-thread-1 Parallel Junit test- *  End. Time = 2021-05-28T09:21:35.570
2021-05-28 09:21:35,934 [main] INFO  org.jsmart.zerocode.parallel.ExecutorServiceRunner - main Executor - *Start... Time = 2021-05-28T09:21:35.934
2021-05-28 09:21:35,934 [main] INFO  org.jsmart.zerocode.parallel.ExecutorServiceRunner - main Executor - *Finished Time = 2021-05-28T09:21:35.934
2021-05-28 09:21:35,934 [main] INFO  org.jsmart.zerocode.parallel.ExecutorServiceRunner - Waiting for the next test flight to adjust the overall ramp up time, waiting time in the transit now = 400.0
2021-05-28 09:21:35,934 [pool-2-thread-2] INFO  org.jsmart.zerocode.core.runner.parallel.LoadProcessor - pool-2-thread-2 Parallel Junit test- *Start. Time = 2021-05-28T09:21:35.934
2021-05-28 09:21:35,934 [pool-2-thread-2] INFO  org.jsmart.zerocode.core.runner.parallel.LoadProcessor - pool-2-thread-2 Parallel Junit test- *  End. Time = 2021-05-28T09:21:35.934
2021-05-28 09:21:36,336 [main] INFO  org.jsmart.zerocode.parallel.ExecutorServiceRunner - main Executor - *Start... Time = 2021-05-28T09:21:36.336
2021-05-28 09:21:36,336 [main] INFO  org.jsmart.zerocode.parallel.ExecutorServiceRunner - main Executor - *Finished Time = 2021-05-28T09:21:36.336
2021-05-28 09:21:36,336 [main] INFO  org.jsmart.zerocode.parallel.ExecutorServiceRunner - Waiting for the next test flight to adjust the overall ramp up time, waiting time in the transit now = 400.0
2021-05-28 09:21:36,336 [pool-2-thread-3] INFO  org.jsmart.zerocode.core.runner.parallel.LoadProcessor - pool-2-thread-3 Parallel Junit test- *Start. Time = 2021-05-28T09:21:36.336
2021-05-28 09:21:36,336 [pool-2-thread-3] INFO  org.jsmart.zerocode.core.runner.parallel.LoadProcessor - pool-2-thread-3 Parallel Junit test- *  End. Time = 2021-05-28T09:21:36.336
2021-05-28 09:21:36,737 [main] INFO  org.jsmart.zerocode.parallel.ExecutorServiceRunner - main Executor - *Start... Time = 2021-05-28T09:21:36.737
2021-05-28 09:21:36,737 [main] INFO  org.jsmart.zerocode.parallel.ExecutorServiceRunner - main Executor - *Finished Time = 2021-05-28T09:21:36.737
2021-05-28 09:21:36,737 [main] INFO  org.jsmart.zerocode.parallel.ExecutorServiceRunner - Waiting for the next test flight to adjust the overall ramp up time, waiting time in the transit now = 400.0
2021-05-28 09:21:36,737 [pool-2-thread-4] INFO  org.jsmart.zerocode.core.runner.parallel.LoadProcessor - pool-2-thread-4 Parallel Junit test- *Start. Time = 2021-05-28T09:21:36.737
2021-05-28 09:21:36,737 [pool-2-thread-4] INFO  org.jsmart.zerocode.core.runner.parallel.LoadProcessor - pool-2-thread-4 Parallel Junit test- *  End. Time = 2021-05-28T09:21:36.737
2021-05-28 09:21:37,149 [main] INFO  org.jsmart.zerocode.parallel.ExecutorServiceRunner - main Executor - *Start... Time = 2021-05-28T09:21:37.149
2021-05-28 09:21:37,149 [main] INFO  org.jsmart.zerocode.parallel.ExecutorServiceRunner - main Executor - *Finished Time = 2021-05-28T09:21:37.149
2021-05-28 09:21:37,149 [pool-2-thread-5] INFO  org.jsmart.zerocode.core.runner.parallel.LoadProcessor - pool-2-thread-5 Parallel Junit test- *Start. Time = 2021-05-28T09:21:37.149
2021-05-28 09:21:37,149 [pool-2-thread-5] INFO  org.jsmart.zerocode.core.runner.parallel.LoadProcessor - pool-2-thread-5 Parallel Junit test- *  End. Time = 2021-05-28T09:21:37.149
2021-05-28 09:21:37,149 [main] INFO  org.jsmart.zerocode.parallel.ExecutorServiceRunner - Waiting for the next test flight to adjust the overall ramp up time, waiting time in the transit now = 400.0
2021-05-28 09:21:37,557 [main] INFO  org.jsmart.zerocode.parallel.ExecutorServiceRunner - main Executor - *Start... Time = 2021-05-28T09:21:37.557
2021-05-28 09:21:37,557 [main] INFO  org.jsmart.zerocode.parallel.ExecutorServiceRunner - main Executor - *Finished Time = 2021-05-28T09:21:37.557
2021-05-28 09:21:37,557 [pool-2-thread-1] INFO  org.jsmart.zerocode.core.runner.parallel.LoadProcessor - pool-2-thread-1 Parallel Junit test- *Start. Time = 2021-05-28T09:21:37.557
2021-05-28 09:21:37,557 [main] INFO  org.jsmart.zerocode.parallel.ExecutorServiceRunner - Waiting for the next test flight to adjust the overall ramp up time, waiting time in the transit now = 400.0
2021-05-28 09:21:37,557 [pool-2-thread-1] INFO  org.jsmart.zerocode.core.runner.parallel.LoadProcessor - pool-2-thread-1 Parallel Junit test- *  End. Time = 2021-05-28T09:21:37.557
2021-05-28 09:21:37,963 [main] INFO  org.jsmart.zerocode.parallel.ExecutorServiceRunner - main Executor - *Start... Time = 2021-05-28T09:21:37.963
2021-05-28 09:21:37,963 [main] INFO  org.jsmart.zerocode.parallel.ExecutorServiceRunner - main Executor - *Finished Time = 2021-05-28T09:21:37.963
2021-05-28 09:21:37,963 [main] INFO  org.jsmart.zerocode.parallel.ExecutorServiceRunner - Waiting for the next test flight to adjust the overall ramp up time, waiting time in the transit now = 400.0
2021-05-28 09:21:37,963 [pool-2-thread-2] INFO  org.jsmart.zerocode.core.runner.parallel.LoadProcessor - pool-2-thread-2 Parallel Junit test- *Start. Time = 2021-05-28T09:21:37.963
2021-05-28 09:21:37,963 [pool-2-thread-2] INFO  org.jsmart.zerocode.core.runner.parallel.LoadProcessor - pool-2-thread-2 Parallel Junit test- *  End. Time = 2021-05-28T09:21:37.963
2021-05-28 09:21:38,375 [main] INFO  org.jsmart.zerocode.parallel.ExecutorServiceRunner - main Executor - *Start... Time = 2021-05-28T09:21:38.375
2021-05-28 09:21:38,375 [main] INFO  org.jsmart.zerocode.parallel.ExecutorServiceRunner - main Executor - *Finished Time = 2021-05-28T09:21:38.375
2021-05-28 09:21:38,375 [main] INFO  org.jsmart.zerocode.parallel.ExecutorServiceRunner - Waiting for the next test flight to adjust the overall ramp up time, waiting time in the transit now = 400.0
2021-05-28 09:21:38,375 [pool-2-thread-3] INFO  org.jsmart.zerocode.core.runner.parallel.LoadProcessor - pool-2-thread-3 Parallel Junit test- *Start. Time = 2021-05-28T09:21:38.375
2021-05-28 09:21:38,375 [pool-2-thread-3] INFO  org.jsmart.zerocode.core.runner.parallel.LoadProcessor - pool-2-thread-3 Parallel Junit test- *  End. Time = 2021-05-28T09:21:38.375
2021-05-28 09:21:38,785 [main] INFO  org.jsmart.zerocode.parallel.ExecutorServiceRunner - main Executor - *Start... Time = 2021-05-28T09:21:38.785
2021-05-28 09:21:38,785 [pool-2-thread-4] INFO  org.jsmart.zerocode.core.runner.parallel.LoadProcessor - pool-2-thread-4 Parallel Junit test- *Start. Time = 2021-05-28T09:21:38.785
2021-05-28 09:21:38,785 [pool-2-thread-4] INFO  org.jsmart.zerocode.core.runner.parallel.LoadProcessor - pool-2-thread-4 Parallel Junit test- *  End. Time = 2021-05-28T09:21:38.785
2021-05-28 09:21:38,785 [main] INFO  org.jsmart.zerocode.parallel.ExecutorServiceRunner - main Executor - *Finished Time = 2021-05-28T09:21:38.785
2021-05-28 09:21:38,785 [main] INFO  org.jsmart.zerocode.parallel.ExecutorServiceRunner - Waiting for the next test flight to adjust the overall ramp up time, waiting time in the transit now = 400.0
2021-05-28 09:21:39,199 [main] INFO  org.jsmart.zerocode.parallel.ExecutorServiceRunner - main Executor - *Start... Time = 2021-05-28T09:21:39.199
2021-05-28 09:21:39,199 [pool-2-thread-5] INFO  org.jsmart.zerocode.core.runner.parallel.LoadProcessor - pool-2-thread-5 Parallel Junit test- *Start. Time = 2021-05-28T09:21:39.199
2021-05-28 09:21:39,199 [main] INFO  org.jsmart.zerocode.parallel.ExecutorServiceRunner - main Executor - *Finished Time = 2021-05-28T09:21:39.199
2021-05-28 09:21:39,199 [main] INFO  org.jsmart.zerocode.parallel.ExecutorServiceRunner - Waiting for the next test flight to adjust the overall ramp up time, waiting time in the transit now = 400.0
2021-05-28 09:21:39,199 [pool-2-thread-5] INFO  org.jsmart.zerocode.core.runner.parallel.LoadProcessor - pool-2-thread-5 Parallel Junit test- *  End. Time = 2021-05-28T09:21:39.199
2021-05-28 09:21:39,605 [main] INFO  org.jsmart.zerocode.parallel.ExecutorServiceRunner - main Executor - *Start... Time = 2021-05-28T09:21:39.605
2021-05-28 09:21:39,605 [main] INFO  org.jsmart.zerocode.parallel.ExecutorServiceRunner - main Executor - *Finished Time = 2021-05-28T09:21:39.605
2021-05-28 09:21:39,605 [pool-2-thread-1] INFO  org.jsmart.zerocode.core.runner.parallel.LoadProcessor - pool-2-thread-1 Parallel Junit test- *Start. Time = 2021-05-28T09:21:39.605
2021-05-28 09:21:39,605 [main] INFO  org.jsmart.zerocode.parallel.ExecutorServiceRunner - Waiting for the next test flight to adjust the overall ramp up time, waiting time in the transit now = 400.0
2021-05-28 09:21:39,605 [pool-2-thread-1] INFO  org.jsmart.zerocode.core.runner.parallel.LoadProcessor - pool-2-thread-1 Parallel Junit test- *  End. Time = 2021-05-28T09:21:39.605
2021-05-28 09:21:40,017 [main] INFO  org.jsmart.zerocode.parallel.ExecutorServiceRunner - main Executor - *Start... Time = 2021-05-28T09:21:40.017
2021-05-28 09:21:40,017 [main] INFO  org.jsmart.zerocode.parallel.ExecutorServiceRunner - main Executor - *Finished Time = 2021-05-28T09:21:40.017
2021-05-28 09:21:40,017 [main] INFO  org.jsmart.zerocode.parallel.ExecutorServiceRunner - Waiting for the next test flight to adjust the overall ramp up time, waiting time in the transit now = 400.0
2021-05-28 09:21:40,017 [pool-2-thread-2] INFO  org.jsmart.zerocode.core.runner.parallel.LoadProcessor - pool-2-thread-2 Parallel Junit test- *Start. Time = 2021-05-28T09:21:40.017
2021-05-28 09:21:40,017 [pool-2-thread-2] INFO  org.jsmart.zerocode.core.runner.parallel.LoadProcessor - pool-2-thread-2 Parallel Junit test- *  End. Time = 2021-05-28T09:21:40.017
2021-05-28 09:21:40,424 [main] INFO  org.jsmart.zerocode.parallel.ExecutorServiceRunner - main Executor - *Start... Time = 2021-05-28T09:21:40.424
2021-05-28 09:21:40,424 [main] INFO  org.jsmart.zerocode.parallel.ExecutorServiceRunner - main Executor - *Finished Time = 2021-05-28T09:21:40.424
2021-05-28 09:21:40,424 [main] INFO  org.jsmart.zerocode.parallel.ExecutorServiceRunner - Waiting for the next test flight to adjust the overall ramp up time, waiting time in the transit now = 400.0
2021-05-28 09:21:40,424 [pool-2-thread-3] INFO  org.jsmart.zerocode.core.runner.parallel.LoadProcessor - pool-2-thread-3 Parallel Junit test- *Start. Time = 2021-05-28T09:21:40.424
2021-05-28 09:21:40,424 [pool-2-thread-3] INFO  org.jsmart.zerocode.core.runner.parallel.LoadProcessor - pool-2-thread-3 Parallel Junit test- *  End. Time = 2021-05-28T09:21:40.424
2021-05-28 09:21:40,830 [main] INFO  org.jsmart.zerocode.parallel.ExecutorServiceRunner - main Executor - *Start... Time = 2021-05-28T09:21:40.830
2021-05-28 09:21:40,830 [main] INFO  org.jsmart.zerocode.parallel.ExecutorServiceRunner - main Executor - *Finished Time = 2021-05-28T09:21:40.830
2021-05-28 09:21:40,830 [pool-2-thread-4] INFO  org.jsmart.zerocode.core.runner.parallel.LoadProcessor - pool-2-thread-4 Parallel Junit test- *Start. Time = 2021-05-28T09:21:40.830
2021-05-28 09:21:40,830 [main] INFO  org.jsmart.zerocode.parallel.ExecutorServiceRunner - Waiting for the next test flight to adjust the overall ramp up time, waiting time in the transit now = 400.0
2021-05-28 09:21:40,830 [pool-2-thread-4] INFO  org.jsmart.zerocode.core.runner.parallel.LoadProcessor - pool-2-thread-4 Parallel Junit test- *  End. Time = 2021-05-28T09:21:40.830
2021-05-28 09:21:41,243 [main] INFO  org.jsmart.zerocode.parallel.ExecutorServiceRunner - main Executor - *Start... Time = 2021-05-28T09:21:41.243
2021-05-28 09:21:41,243 [pool-2-thread-5] INFO  org.jsmart.zerocode.core.runner.parallel.LoadProcessor - pool-2-thread-5 Parallel Junit test- *Start. Time = 2021-05-28T09:21:41.243
2021-05-28 09:21:41,243 [main] INFO  org.jsmart.zerocode.parallel.ExecutorServiceRunner - main Executor - *Finished Time = 2021-05-28T09:21:41.243
2021-05-28 09:21:41,243 [pool-2-thread-5] INFO  org.jsmart.zerocode.core.runner.parallel.LoadProcessor - pool-2-thread-5 Parallel Junit test- *  End. Time = 2021-05-28T09:21:41.243
2021-05-28 09:21:41,243 [main] INFO  org.jsmart.zerocode.parallel.ExecutorServiceRunner - Waiting for the next test flight to adjust the overall ramp up time, waiting time in the transit now = 400.0
2021-05-28 09:21:41,652 [main] INFO  org.jsmart.zerocode.parallel.ExecutorServiceRunner - main Executor - *Start... Time = 2021-05-28T09:21:41.652
2021-05-28 09:21:41,652 [pool-2-thread-1] INFO  org.jsmart.zerocode.core.runner.parallel.LoadProcessor - pool-2-thread-1 Parallel Junit test- *Start. Time = 2021-05-28T09:21:41.652
2021-05-28 09:21:41,652 [pool-2-thread-1] INFO  org.jsmart.zerocode.core.runner.parallel.LoadProcessor - pool-2-thread-1 Parallel Junit test- *  End. Time = 2021-05-28T09:21:41.652
2021-05-28 09:21:41,652 [main] INFO  org.jsmart.zerocode.parallel.ExecutorServiceRunner - main Executor - *Finished Time = 2021-05-28T09:21:41.652
2021-05-28 09:21:41,652 [main] INFO  org.jsmart.zerocode.parallel.ExecutorServiceRunner - Waiting for the next test flight to adjust the overall ramp up time, waiting time in the transit now = 400.0
2021-05-28 09:21:42,058 [main] INFO  org.jsmart.zerocode.parallel.ExecutorServiceRunner - main Executor - *Start... Time = 2021-05-28T09:21:42.058
2021-05-28 09:21:42,058 [main] INFO  org.jsmart.zerocode.parallel.ExecutorServiceRunner - main Executor - *Finished Time = 2021-05-28T09:21:42.058
2021-05-28 09:21:42,058 [main] INFO  org.jsmart.zerocode.parallel.ExecutorServiceRunner - Waiting for the next test flight to adjust the overall ramp up time, waiting time in the transit now = 400.0
2021-05-28 09:21:42,058 [pool-2-thread-2] INFO  org.jsmart.zerocode.core.runner.parallel.LoadProcessor - pool-2-thread-2 Parallel Junit test- *Start. Time = 2021-05-28T09:21:42.058
2021-05-28 09:21:42,066 [pool-2-thread-2] INFO  org.jsmart.zerocode.core.runner.parallel.LoadProcessor - pool-2-thread-2 Parallel Junit test- *  End. Time = 2021-05-28T09:21:42.066
2021-05-28 09:21:42,461 [main] INFO  org.jsmart.zerocode.parallel.ExecutorServiceRunner - main Executor - *Start... Time = 2021-05-28T09:21:42.461
2021-05-28 09:21:42,461 [main] INFO  org.jsmart.zerocode.parallel.ExecutorServiceRunner - main Executor - *Finished Time = 2021-05-28T09:21:42.461
2021-05-28 09:21:42,461 [main] INFO  org.jsmart.zerocode.parallel.ExecutorServiceRunner - Waiting for the next test flight to adjust the overall ramp up time, waiting time in the transit now = 400.0
2021-05-28 09:21:42,461 [pool-2-thread-3] INFO  org.jsmart.zerocode.core.runner.parallel.LoadProcessor - pool-2-thread-3 Parallel Junit test- *Start. Time = 2021-05-28T09:21:42.461
2021-05-28 09:21:42,461 [pool-2-thread-3] INFO  org.jsmart.zerocode.core.runner.parallel.LoadProcessor - pool-2-thread-3 Parallel Junit test- *  End. Time = 2021-05-28T09:21:42.461
2021-05-28 09:21:42,874 [main] INFO  org.jsmart.zerocode.parallel.ExecutorServiceRunner - main Executor - *Start... Time = 2021-05-28T09:21:42.874
2021-05-28 09:21:42,874 [pool-2-thread-4] INFO  org.jsmart.zerocode.core.runner.parallel.LoadProcessor - pool-2-thread-4 Parallel Junit test- *Start. Time = 2021-05-28T09:21:42.874
2021-05-28 09:21:42,874 [main] INFO  org.jsmart.zerocode.parallel.ExecutorServiceRunner - main Executor - *Finished Time = 2021-05-28T09:21:42.874
2021-05-28 09:21:42,874 [pool-2-thread-4] INFO  org.jsmart.zerocode.core.runner.parallel.LoadProcessor - pool-2-thread-4 Parallel Junit test- *  End. Time = 2021-05-28T09:21:42.874
2021-05-28 09:21:42,874 [main] INFO  org.jsmart.zerocode.parallel.ExecutorServiceRunner - Waiting for the next test flight to adjust the overall ramp up time, waiting time in the transit now = 400.0
2021-05-28 09:21:43,280 [main] INFO  org.jsmart.zerocode.parallel.ExecutorServiceRunner - main Executor - *Start... Time = 2021-05-28T09:21:43.280
2021-05-28 09:21:43,280 [main] INFO  org.jsmart.zerocode.parallel.ExecutorServiceRunner - main Executor - *Finished Time = 2021-05-28T09:21:43.280
2021-05-28 09:21:43,280 [pool-2-thread-5] INFO  org.jsmart.zerocode.core.runner.parallel.LoadProcessor - pool-2-thread-5 Parallel Junit test- *Start. Time = 2021-05-28T09:21:43.280
2021-05-28 09:21:43,280 [main] INFO  org.jsmart.zerocode.parallel.ExecutorServiceRunner - Waiting for the next test flight to adjust the overall ramp up time, waiting time in the transit now = 400.0
2021-05-28 09:21:43,280 [pool-2-thread-5] INFO  org.jsmart.zerocode.core.runner.parallel.LoadProcessor - pool-2-thread-5 Parallel Junit test- *  End. Time = 2021-05-28T09:21:43.280
2021-05-28 09:21:43,691 [main] INFO  org.jsmart.zerocode.parallel.ExecutorServiceRunner - main Executor - *Start... Time = 2021-05-28T09:21:43.691
2021-05-28 09:21:43,691 [main] INFO  org.jsmart.zerocode.parallel.ExecutorServiceRunner - main Executor - *Finished Time = 2021-05-28T09:21:43.691
2021-05-28 09:21:43,691 [pool-2-thread-1] INFO  org.jsmart.zerocode.core.runner.parallel.LoadProcessor - pool-2-thread-1 Parallel Junit test- *Start. Time = 2021-05-28T09:21:43.691
2021-05-28 09:21:43,691 [main] INFO  org.jsmart.zerocode.parallel.ExecutorServiceRunner - Waiting for the next test flight to adjust the overall ramp up time, waiting time in the transit now = 400.0
2021-05-28 09:21:43,691 [pool-2-thread-1] INFO  org.jsmart.zerocode.core.runner.parallel.LoadProcessor - pool-2-thread-1 Parallel Junit test- *  End. Time = 2021-05-28T09:21:43.691
2021-05-28 09:21:44,102 [main] INFO  org.jsmart.zerocode.parallel.ExecutorServiceRunner - main Executor - *Start... Time = 2021-05-28T09:21:44.102
2021-05-28 09:21:44,102 [main] INFO  org.jsmart.zerocode.parallel.ExecutorServiceRunner - main Executor - *Finished Time = 2021-05-28T09:21:44.102
2021-05-28 09:21:44,102 [main] INFO  org.jsmart.zerocode.parallel.ExecutorServiceRunner - Waiting for the next test flight to adjust the overall ramp up time, waiting time in the transit now = 400.0
2021-05-28 09:21:44,102 [pool-2-thread-2] INFO  org.jsmart.zerocode.core.runner.parallel.LoadProcessor - pool-2-thread-2 Parallel Junit test- *Start. Time = 2021-05-28T09:21:44.102
2021-05-28 09:21:44,102 [pool-2-thread-2] INFO  org.jsmart.zerocode.core.runner.parallel.LoadProcessor - pool-2-thread-2 Parallel Junit test- *  End. Time = 2021-05-28T09:21:44.102
2021-05-28 09:21:44,508 [main] INFO  org.jsmart.zerocode.parallel.ExecutorServiceRunner - main Executor - *Start... Time = 2021-05-28T09:21:44.508
2021-05-28 09:21:44,508 [main] INFO  org.jsmart.zerocode.parallel.ExecutorServiceRunner - main Executor - *Finished Time = 2021-05-28T09:21:44.508
2021-05-28 09:21:44,508 [main] INFO  org.jsmart.zerocode.parallel.ExecutorServiceRunner - Waiting for the next test flight to adjust the overall ramp up time, waiting time in the transit now = 400.0
2021-05-28 09:21:44,508 [pool-2-thread-3] INFO  org.jsmart.zerocode.core.runner.parallel.LoadProcessor - pool-2-thread-3 Parallel Junit test- *Start. Time = 2021-05-28T09:21:44.508
2021-05-28 09:21:44,508 [pool-2-thread-3] INFO  org.jsmart.zerocode.core.runner.parallel.LoadProcessor - pool-2-thread-3 Parallel Junit test- *  End. Time = 2021-05-28T09:21:44.508
2021-05-28 09:21:44,930 [main] INFO  org.jsmart.zerocode.parallel.ExecutorServiceRunner - main Executor - *Start... Time = 2021-05-28T09:21:44.930
2021-05-28 09:21:44,930 [pool-2-thread-4] INFO  org.jsmart.zerocode.core.runner.parallel.LoadProcessor - pool-2-thread-4 Parallel Junit test- *Start. Time = 2021-05-28T09:21:44.930
2021-05-28 09:21:44,930 [pool-2-thread-4] INFO  org.jsmart.zerocode.core.runner.parallel.LoadProcessor - pool-2-thread-4 Parallel Junit test- *  End. Time = 2021-05-28T09:21:44.930
2021-05-28 09:21:44,930 [main] INFO  org.jsmart.zerocode.parallel.ExecutorServiceRunner - main Executor - *Finished Time = 2021-05-28T09:21:44.930
2021-05-28 09:21:44,930 [main] INFO  org.jsmart.zerocode.parallel.ExecutorServiceRunner - Waiting for the next test flight to adjust the overall ramp up time, waiting time in the transit now = 400.0
2021-05-28 09:21:45,334 [main] INFO  org.jsmart.zerocode.parallel.ExecutorServiceRunner - main Executor - *Start... Time = 2021-05-28T09:21:45.334
2021-05-28 09:21:45,334 [pool-2-thread-5] INFO  org.jsmart.zerocode.core.runner.parallel.LoadProcessor - pool-2-thread-5 Parallel Junit test- *Start. Time = 2021-05-28T09:21:45.334
2021-05-28 09:21:45,334 [pool-2-thread-5] INFO  org.jsmart.zerocode.core.runner.parallel.LoadProcessor - pool-2-thread-5 Parallel Junit test- *  End. Time = 2021-05-28T09:21:45.334
2021-05-28 09:21:45,334 [main] INFO  org.jsmart.zerocode.parallel.ExecutorServiceRunner - main Executor - *Finished Time = 2021-05-28T09:21:45.334
2021-05-28 09:21:45,334 [main] INFO  org.jsmart.zerocode.parallel.ExecutorServiceRunner - Waiting for the next test flight to adjust the overall ramp up time, waiting time in the transit now = 400.0
2021-05-28 09:21:45,742 [main] INFO  org.jsmart.zerocode.parallel.ExecutorServiceRunner - main Executor - *Start... Time = 2021-05-28T09:21:45.742
2021-05-28 09:21:45,742 [main] INFO  org.jsmart.zerocode.parallel.ExecutorServiceRunner - main Executor - *Finished Time = 2021-05-28T09:21:45.742
2021-05-28 09:21:45,742 [pool-2-thread-1] INFO  org.jsmart.zerocode.core.runner.parallel.LoadProcessor - pool-2-thread-1 Parallel Junit test- *Start. Time = 2021-05-28T09:21:45.742
2021-05-28 09:21:45,742 [main] INFO  org.jsmart.zerocode.parallel.ExecutorServiceRunner - Waiting for the next test flight to adjust the overall ramp up time, waiting time in the transit now = 400.0
2021-05-28 09:21:45,742 [pool-2-thread-1] INFO  org.jsmart.zerocode.core.runner.parallel.LoadProcessor - pool-2-thread-1 Parallel Junit test- *  End. Time = 2021-05-28T09:21:45.742
2021-05-28 09:21:46,148 [main] INFO  org.jsmart.zerocode.parallel.ExecutorServiceRunner - main Executor - *Start... Time = 2021-05-28T09:21:46.148
2021-05-28 09:21:46,148 [main] INFO  org.jsmart.zerocode.parallel.ExecutorServiceRunner - main Executor - *Finished Time = 2021-05-28T09:21:46.148
2021-05-28 09:21:46,148 [pool-2-thread-2] INFO  org.jsmart.zerocode.core.runner.parallel.LoadProcessor - pool-2-thread-2 Parallel Junit test- *Start. Time = 2021-05-28T09:21:46.148
2021-05-28 09:21:46,148 [main] INFO  org.jsmart.zerocode.parallel.ExecutorServiceRunner - Waiting for the next test flight to adjust the overall ramp up time, waiting time in the transit now = 400.0
2021-05-28 09:21:46,148 [pool-2-thread-2] INFO  org.jsmart.zerocode.core.runner.parallel.LoadProcessor - pool-2-thread-2 Parallel Junit test- *  End. Time = 2021-05-28T09:21:46.148
2021-05-28 09:21:46,561 [main] INFO  org.jsmart.zerocode.parallel.ExecutorServiceRunner - main Executor - *Start... Time = 2021-05-28T09:21:46.561
2021-05-28 09:21:46,561 [pool-2-thread-3] INFO  org.jsmart.zerocode.core.runner.parallel.LoadProcessor - pool-2-thread-3 Parallel Junit test- *Start. Time = 2021-05-28T09:21:46.561
2021-05-28 09:21:46,561 [pool-2-thread-3] INFO  org.jsmart.zerocode.core.runner.parallel.LoadProcessor - pool-2-thread-3 Parallel Junit test- *  End. Time = 2021-05-28T09:21:46.561
2021-05-28 09:21:46,561 [main] INFO  org.jsmart.zerocode.parallel.ExecutorServiceRunner - main Executor - *Finished Time = 2021-05-28T09:21:46.561
2021-05-28 09:21:46,561 [main] INFO  org.jsmart.zerocode.parallel.ExecutorServiceRunner - Waiting for the next test flight to adjust the overall ramp up time, waiting time in the transit now = 400.0
2021-05-28 09:21:46,973 [main] INFO  org.jsmart.zerocode.parallel.ExecutorServiceRunner - main Executor - *Start... Time = 2021-05-28T09:21:46.973
2021-05-28 09:21:46,973 [pool-2-thread-4] INFO  org.jsmart.zerocode.core.runner.parallel.LoadProcessor - pool-2-thread-4 Parallel Junit test- *Start. Time = 2021-05-28T09:21:46.973
2021-05-28 09:21:46,973 [main] INFO  org.jsmart.zerocode.parallel.ExecutorServiceRunner - main Executor - *Finished Time = 2021-05-28T09:21:46.973
2021-05-28 09:21:46,973 [pool-2-thread-4] INFO  org.jsmart.zerocode.core.runner.parallel.LoadProcessor - pool-2-thread-4 Parallel Junit test- *  End. Time = 2021-05-28T09:21:46.973
2021-05-28 09:21:46,973 [main] INFO  org.jsmart.zerocode.parallel.ExecutorServiceRunner - Waiting for the next test flight to adjust the overall ramp up time, waiting time in the transit now = 400.0
2021-05-28 09:21:47,380 [main] INFO  org.jsmart.zerocode.parallel.ExecutorServiceRunner - main Executor - *Start... Time = 2021-05-28T09:21:47.380
2021-05-28 09:21:47,380 [pool-2-thread-5] INFO  org.jsmart.zerocode.core.runner.parallel.LoadProcessor - pool-2-thread-5 Parallel Junit test- *Start. Time = 2021-05-28T09:21:47.380
2021-05-28 09:21:47,380 [pool-2-thread-5] INFO  org.jsmart.zerocode.core.runner.parallel.LoadProcessor - pool-2-thread-5 Parallel Junit test- *  End. Time = 2021-05-28T09:21:47.380
2021-05-28 09:21:47,380 [main] INFO  org.jsmart.zerocode.parallel.ExecutorServiceRunner - main Executor - *Finished Time = 2021-05-28T09:21:47.380
2021-05-28 09:21:47,380 [main] INFO  org.jsmart.zerocode.parallel.ExecutorServiceRunner - Waiting for the next test flight to adjust the overall ramp up time, waiting time in the transit now = 400.0
2021-05-28 09:21:47,791 [main] INFO  org.jsmart.zerocode.parallel.ExecutorServiceRunner - main Executor - *Start... Time = 2021-05-28T09:21:47.791
2021-05-28 09:21:47,791 [main] INFO  org.jsmart.zerocode.parallel.ExecutorServiceRunner - main Executor - *Finished Time = 2021-05-28T09:21:47.791
2021-05-28 09:21:47,791 [pool-2-thread-1] INFO  org.jsmart.zerocode.core.runner.parallel.LoadProcessor - pool-2-thread-1 Parallel Junit test- *Start. Time = 2021-05-28T09:21:47.791
2021-05-28 09:21:47,791 [main] INFO  org.jsmart.zerocode.parallel.ExecutorServiceRunner - Waiting for the next test flight to adjust the overall ramp up time, waiting time in the transit now = 400.0
2021-05-28 09:21:47,791 [pool-2-thread-1] INFO  org.jsmart.zerocode.core.runner.parallel.LoadProcessor - pool-2-thread-1 Parallel Junit test- *  End. Time = 2021-05-28T09:21:47.791
2021-05-28 09:21:48,200 [main] INFO  org.jsmart.zerocode.parallel.ExecutorServiceRunner - main Executor - *Start... Time = 2021-05-28T09:21:48.200
2021-05-28 09:21:48,200 [pool-2-thread-2] INFO  org.jsmart.zerocode.core.runner.parallel.LoadProcessor - pool-2-thread-2 Parallel Junit test- *Start. Time = 2021-05-28T09:21:48.200
2021-05-28 09:21:48,200 [pool-2-thread-2] INFO  org.jsmart.zerocode.core.runner.parallel.LoadProcessor - pool-2-thread-2 Parallel Junit test- *  End. Time = 2021-05-28T09:21:48.200
2021-05-28 09:21:48,200 [main] INFO  org.jsmart.zerocode.parallel.ExecutorServiceRunner - main Executor - *Finished Time = 2021-05-28T09:21:48.200
2021-05-28 09:21:48,200 [main] INFO  org.jsmart.zerocode.parallel.ExecutorServiceRunner - Waiting for the next test flight to adjust the overall ramp up time, waiting time in the transit now = 400.0
2021-05-28 09:21:48,608 [main] INFO  org.jsmart.zerocode.parallel.ExecutorServiceRunner - main Executor - *Start... Time = 2021-05-28T09:21:48.608
2021-05-28 09:21:48,608 [main] INFO  org.jsmart.zerocode.parallel.ExecutorServiceRunner - main Executor - *Finished Time = 2021-05-28T09:21:48.608
2021-05-28 09:21:48,608 [pool-2-thread-3] INFO  org.jsmart.zerocode.core.runner.parallel.LoadProcessor - pool-2-thread-3 Parallel Junit test- *Start. Time = 2021-05-28T09:21:48.608
2021-05-28 09:21:48,608 [main] INFO  org.jsmart.zerocode.parallel.ExecutorServiceRunner - Waiting for the next test flight to adjust the overall ramp up time, waiting time in the transit now = 400.0
2021-05-28 09:21:48,608 [pool-2-thread-3] INFO  org.jsmart.zerocode.core.runner.parallel.LoadProcessor - pool-2-thread-3 Parallel Junit test- *  End. Time = 2021-05-28T09:21:48.608
2021-05-28 09:21:49,015 [main] INFO  org.jsmart.zerocode.parallel.ExecutorServiceRunner - main Executor - *Start... Time = 2021-05-28T09:21:49.015
2021-05-28 09:21:49,015 [main] INFO  org.jsmart.zerocode.parallel.ExecutorServiceRunner - main Executor - *Finished Time = 2021-05-28T09:21:49.015
2021-05-28 09:21:49,015 [pool-2-thread-4] INFO  org.jsmart.zerocode.core.runner.parallel.LoadProcessor - pool-2-thread-4 Parallel Junit test- *Start. Time = 2021-05-28T09:21:49.015
2021-05-28 09:21:49,015 [main] INFO  org.jsmart.zerocode.parallel.ExecutorServiceRunner - Waiting for the next test flight to adjust the overall ramp up time, waiting time in the transit now = 400.0
2021-05-28 09:21:49,015 [pool-2-thread-4] INFO  org.jsmart.zerocode.core.runner.parallel.LoadProcessor - pool-2-thread-4 Parallel Junit test- *  End. Time = 2021-05-28T09:21:49.015
2021-05-28 09:21:49,416 [main] INFO  org.jsmart.zerocode.parallel.ExecutorServiceRunner - main Executor - *Start... Time = 2021-05-28T09:21:49.416
2021-05-28 09:21:49,416 [main] INFO  org.jsmart.zerocode.parallel.ExecutorServiceRunner - main Executor - *Finished Time = 2021-05-28T09:21:49.416
2021-05-28 09:21:49,416 [pool-2-thread-5] INFO  org.jsmart.zerocode.core.runner.parallel.LoadProcessor - pool-2-thread-5 Parallel Junit test- *Start. Time = 2021-05-28T09:21:49.416
2021-05-28 09:21:49,416 [main] INFO  org.jsmart.zerocode.parallel.ExecutorServiceRunner - Waiting for the next test flight to adjust the overall ramp up time, waiting time in the transit now = 400.0
2021-05-28 09:21:49,416 [pool-2-thread-5] INFO  org.jsmart.zerocode.core.runner.parallel.LoadProcessor - pool-2-thread-5 Parallel Junit test- *  End. Time = 2021-05-28T09:21:49.416
2021-05-28 09:21:49,824 [main] INFO  org.jsmart.zerocode.parallel.ExecutorServiceRunner - main Executor - *Start... Time = 2021-05-28T09:21:49.824
2021-05-28 09:21:49,824 [pool-2-thread-1] INFO  org.jsmart.zerocode.core.runner.parallel.LoadProcessor - pool-2-thread-1 Parallel Junit test- *Start. Time = 2021-05-28T09:21:49.824
2021-05-28 09:21:49,824 [pool-2-thread-1] INFO  org.jsmart.zerocode.core.runner.parallel.LoadProcessor - pool-2-thread-1 Parallel Junit test- *  End. Time = 2021-05-28T09:21:49.824
2021-05-28 09:21:49,824 [main] INFO  org.jsmart.zerocode.parallel.ExecutorServiceRunner - main Executor - *Finished Time = 2021-05-28T09:21:49.824
2021-05-28 09:21:49,824 [main] INFO  org.jsmart.zerocode.parallel.ExecutorServiceRunner - Waiting for the next test flight to adjust the overall ramp up time, waiting time in the transit now = 400.0
2021-05-28 09:21:50,230 [main] INFO  org.jsmart.zerocode.parallel.ExecutorServiceRunner - main Executor - *Start... Time = 2021-05-28T09:21:50.230
2021-05-28 09:21:50,230 [main] INFO  org.jsmart.zerocode.parallel.ExecutorServiceRunner - main Executor - *Finished Time = 2021-05-28T09:21:50.230
2021-05-28 09:21:50,230 [main] INFO  org.jsmart.zerocode.parallel.ExecutorServiceRunner - Waiting for the next test flight to adjust the overall ramp up time, waiting time in the transit now = 400.0
2021-05-28 09:21:50,230 [pool-2-thread-2] INFO  org.jsmart.zerocode.core.runner.parallel.LoadProcessor - pool-2-thread-2 Parallel Junit test- *Start. Time = 2021-05-28T09:21:50.230
2021-05-28 09:21:50,230 [pool-2-thread-2] INFO  org.jsmart.zerocode.core.runner.parallel.LoadProcessor - pool-2-thread-2 Parallel Junit test- *  End. Time = 2021-05-28T09:21:50.230
2021-05-28 09:21:50,642 [main] INFO  org.jsmart.zerocode.parallel.ExecutorServiceRunner - main Executor - *Start... Time = 2021-05-28T09:21:50.642
2021-05-28 09:21:50,642 [main] INFO  org.jsmart.zerocode.parallel.ExecutorServiceRunner - main Executor - *Finished Time = 2021-05-28T09:21:50.642
2021-05-28 09:21:50,642 [main] INFO  org.jsmart.zerocode.parallel.ExecutorServiceRunner - Waiting for the next test flight to adjust the overall ramp up time, waiting time in the transit now = 400.0
2021-05-28 09:21:50,642 [pool-2-thread-3] INFO  org.jsmart.zerocode.core.runner.parallel.LoadProcessor - pool-2-thread-3 Parallel Junit test- *Start. Time = 2021-05-28T09:21:50.642
2021-05-28 09:21:50,642 [pool-2-thread-3] INFO  org.jsmart.zerocode.core.runner.parallel.LoadProcessor - pool-2-thread-3 Parallel Junit test- *  End. Time = 2021-05-28T09:21:50.642
2021-05-28 09:21:51,052 [main] INFO  org.jsmart.zerocode.parallel.ExecutorServiceRunner - main Executor - *Start... Time = 2021-05-28T09:21:51.052
2021-05-28 09:21:51,052 [pool-2-thread-4] INFO  org.jsmart.zerocode.core.runner.parallel.LoadProcessor - pool-2-thread-4 Parallel Junit test- *Start. Time = 2021-05-28T09:21:51.052
2021-05-28 09:21:51,052 [main] INFO  org.jsmart.zerocode.parallel.ExecutorServiceRunner - main Executor - *Finished Time = 2021-05-28T09:21:51.052
2021-05-28 09:21:51,052 [pool-2-thread-4] INFO  org.jsmart.zerocode.core.runner.parallel.LoadProcessor - pool-2-thread-4 Parallel Junit test- *  End. Time = 2021-05-28T09:21:51.052
2021-05-28 09:21:51,052 [main] INFO  org.jsmart.zerocode.parallel.ExecutorServiceRunner - Waiting for the next test flight to adjust the overall ramp up time, waiting time in the transit now = 400.0
2021-05-28 09:21:51,457 [main] INFO  org.jsmart.zerocode.parallel.ExecutorServiceRunner - main Executor - *Start... Time = 2021-05-28T09:21:51.457
2021-05-28 09:21:51,457 [pool-2-thread-5] INFO  org.jsmart.zerocode.core.runner.parallel.LoadProcessor - pool-2-thread-5 Parallel Junit test- *Start. Time = 2021-05-28T09:21:51.457
2021-05-28 09:21:51,457 [main] INFO  org.jsmart.zerocode.parallel.ExecutorServiceRunner - main Executor - *Finished Time = 2021-05-28T09:21:51.457
2021-05-28 09:21:51,457 [main] INFO  org.jsmart.zerocode.parallel.ExecutorServiceRunner - Waiting for the next test flight to adjust the overall ramp up time, waiting time in the transit now = 400.0
2021-05-28 09:21:51,457 [pool-2-thread-5] INFO  org.jsmart.zerocode.core.runner.parallel.LoadProcessor - pool-2-thread-5 Parallel Junit test- *  End. Time = 2021-05-28T09:21:51.457
2021-05-28 09:21:51,864 [main] INFO  org.jsmart.zerocode.parallel.ExecutorServiceRunner - main Executor - *Start... Time = 2021-05-28T09:21:51.864
2021-05-28 09:21:51,864 [pool-2-thread-1] INFO  org.jsmart.zerocode.core.runner.parallel.LoadProcessor - pool-2-thread-1 Parallel Junit test- *Start. Time = 2021-05-28T09:21:51.864
2021-05-28 09:21:51,864 [main] INFO  org.jsmart.zerocode.parallel.ExecutorServiceRunner - main Executor - *Finished Time = 2021-05-28T09:21:51.864
2021-05-28 09:21:51,864 [main] INFO  org.jsmart.zerocode.parallel.ExecutorServiceRunner - Waiting for the next test flight to adjust the overall ramp up time, waiting time in the transit now = 400.0
2021-05-28 09:21:51,864 [pool-2-thread-1] INFO  org.jsmart.zerocode.core.runner.parallel.LoadProcessor - pool-2-thread-1 Parallel Junit test- *  End. Time = 2021-05-28T09:21:51.864
2021-05-28 09:21:52,277 [main] INFO  org.jsmart.zerocode.parallel.ExecutorServiceRunner - main Executor - *Start... Time = 2021-05-28T09:21:52.277
2021-05-28 09:21:52,277 [pool-2-thread-2] INFO  org.jsmart.zerocode.core.runner.parallel.LoadProcessor - pool-2-thread-2 Parallel Junit test- *Start. Time = 2021-05-28T09:21:52.277
2021-05-28 09:21:52,277 [pool-2-thread-2] INFO  org.jsmart.zerocode.core.runner.parallel.LoadProcessor - pool-2-thread-2 Parallel Junit test- *  End. Time = 2021-05-28T09:21:52.277
2021-05-28 09:21:52,277 [main] INFO  org.jsmart.zerocode.parallel.ExecutorServiceRunner - main Executor - *Finished Time = 2021-05-28T09:21:52.277
2021-05-28 09:21:52,277 [main] INFO  org.jsmart.zerocode.parallel.ExecutorServiceRunner - Waiting for the next test flight to adjust the overall ramp up time, waiting time in the transit now = 400.0
2021-05-28 09:21:52,683 [main] INFO  org.jsmart.zerocode.parallel.ExecutorServiceRunner - main Executor - *Start... Time = 2021-05-28T09:21:52.683
2021-05-28 09:21:52,683 [main] INFO  org.jsmart.zerocode.parallel.ExecutorServiceRunner - main Executor - *Finished Time = 2021-05-28T09:21:52.683
2021-05-28 09:21:52,683 [pool-2-thread-3] INFO  org.jsmart.zerocode.core.runner.parallel.LoadProcessor - pool-2-thread-3 Parallel Junit test- *Start. Time = 2021-05-28T09:21:52.683
2021-05-28 09:21:52,683 [main] INFO  org.jsmart.zerocode.parallel.ExecutorServiceRunner - Waiting for the next test flight to adjust the overall ramp up time, waiting time in the transit now = 400.0
2021-05-28 09:21:52,683 [pool-2-thread-3] INFO  org.jsmart.zerocode.core.runner.parallel.LoadProcessor - pool-2-thread-3 Parallel Junit test- *  End. Time = 2021-05-28T09:21:52.683
2021-05-28 09:21:53,090 [main] INFO  org.jsmart.zerocode.parallel.ExecutorServiceRunner - main Executor - *Start... Time = 2021-05-28T09:21:53.090
2021-05-28 09:21:53,090 [main] INFO  org.jsmart.zerocode.parallel.ExecutorServiceRunner - main Executor - *Finished Time = 2021-05-28T09:21:53.090
2021-05-28 09:21:53,090 [main] INFO  org.jsmart.zerocode.parallel.ExecutorServiceRunner - Waiting for the next test flight to adjust the overall ramp up time, waiting time in the transit now = 400.0
2021-05-28 09:21:53,090 [pool-2-thread-4] INFO  org.jsmart.zerocode.core.runner.parallel.LoadProcessor - pool-2-thread-4 Parallel Junit test- *Start. Time = 2021-05-28T09:21:53.090
2021-05-28 09:21:53,090 [pool-2-thread-4] INFO  org.jsmart.zerocode.core.runner.parallel.LoadProcessor - pool-2-thread-4 Parallel Junit test- *  End. Time = 2021-05-28T09:21:53.090
2021-05-28 09:21:53,495 [main] INFO  org.jsmart.zerocode.parallel.ExecutorServiceRunner - main Executor - *Start... Time = 2021-05-28T09:21:53.495
2021-05-28 09:21:53,495 [pool-2-thread-5] INFO  org.jsmart.zerocode.core.runner.parallel.LoadProcessor - pool-2-thread-5 Parallel Junit test- *Start. Time = 2021-05-28T09:21:53.495
2021-05-28 09:21:53,495 [main] INFO  org.jsmart.zerocode.parallel.ExecutorServiceRunner - main Executor - *Finished Time = 2021-05-28T09:21:53.495
2021-05-28 09:21:53,495 [main] INFO  org.jsmart.zerocode.parallel.ExecutorServiceRunner - Waiting for the next test flight to adjust the overall ramp up time, waiting time in the transit now = 400.0
2021-05-28 09:21:53,495 [pool-2-thread-5] INFO  org.jsmart.zerocode.core.runner.parallel.LoadProcessor - pool-2-thread-5 Parallel Junit test- *  End. Time = 2021-05-28T09:21:53.495
2021-05-28 09:21:53,902 [main] INFO  org.jsmart.zerocode.parallel.ExecutorServiceRunner - main Executor - *Start... Time = 2021-05-28T09:21:53.902
2021-05-28 09:21:53,902 [pool-2-thread-1] INFO  org.jsmart.zerocode.core.runner.parallel.LoadProcessor - pool-2-thread-1 Parallel Junit test- *Start. Time = 2021-05-28T09:21:53.902
2021-05-28 09:21:53,902 [main] INFO  org.jsmart.zerocode.parallel.ExecutorServiceRunner - main Executor - *Finished Time = 2021-05-28T09:21:53.902
2021-05-28 09:21:53,902 [main] INFO  org.jsmart.zerocode.parallel.ExecutorServiceRunner - Waiting for the next test flight to adjust the overall ramp up time, waiting time in the transit now = 400.0
2021-05-28 09:21:53,902 [pool-2-thread-1] INFO  org.jsmart.zerocode.core.runner.parallel.LoadProcessor - pool-2-thread-1 Parallel Junit test- *  End. Time = 2021-05-28T09:21:53.902
2021-05-28 09:21:54,315 [main] INFO  org.jsmart.zerocode.parallel.ExecutorServiceRunner - main Executor - *Start... Time = 2021-05-28T09:21:54.315
2021-05-28 09:21:54,315 [main] INFO  org.jsmart.zerocode.parallel.ExecutorServiceRunner - main Executor - *Finished Time = 2021-05-28T09:21:54.315
2021-05-28 09:21:54,315 [pool-2-thread-2] INFO  org.jsmart.zerocode.core.runner.parallel.LoadProcessor - pool-2-thread-2 Parallel Junit test- *Start. Time = 2021-05-28T09:21:54.315
2021-05-28 09:21:54,315 [main] INFO  org.jsmart.zerocode.parallel.ExecutorServiceRunner - Waiting for the next test flight to adjust the overall ramp up time, waiting time in the transit now = 400.0
2021-05-28 09:21:54,315 [pool-2-thread-2] INFO  org.jsmart.zerocode.core.runner.parallel.LoadProcessor - pool-2-thread-2 Parallel Junit test- *  End. Time = 2021-05-28T09:21:54.315
2021-05-28 09:21:54,721 [main] INFO  org.jsmart.zerocode.parallel.ExecutorServiceRunner - main Executor - *Start... Time = 2021-05-28T09:21:54.721
2021-05-28 09:21:54,721 [main] INFO  org.jsmart.zerocode.parallel.ExecutorServiceRunner - main Executor - *Finished Time = 2021-05-28T09:21:54.721
2021-05-28 09:21:54,721 [pool-2-thread-3] INFO  org.jsmart.zerocode.core.runner.parallel.LoadProcessor - pool-2-thread-3 Parallel Junit test- *Start. Time = 2021-05-28T09:21:54.721
2021-05-28 09:21:54,721 [main] INFO  org.jsmart.zerocode.parallel.ExecutorServiceRunner - Waiting for the next test flight to adjust the overall ramp up time, waiting time in the transit now = 400.0
2021-05-28 09:21:54,721 [pool-2-thread-3] INFO  org.jsmart.zerocode.core.runner.parallel.LoadProcessor - pool-2-thread-3 Parallel Junit test- *  End. Time = 2021-05-28T09:21:54.721
2021-05-28 09:21:55,133 [main] INFO  org.jsmart.zerocode.parallel.ExecutorServiceRunner - main Executor - *Start... Time = 2021-05-28T09:21:55.133
2021-05-28 09:21:55,133 [pool-2-thread-4] INFO  org.jsmart.zerocode.core.runner.parallel.LoadProcessor - pool-2-thread-4 Parallel Junit test- *Start. Time = 2021-05-28T09:21:55.133
2021-05-28 09:21:55,133 [pool-2-thread-4] INFO  org.jsmart.zerocode.core.runner.parallel.LoadProcessor - pool-2-thread-4 Parallel Junit test- *  End. Time = 2021-05-28T09:21:55.133
2021-05-28 09:21:55,133 [main] INFO  org.jsmart.zerocode.parallel.ExecutorServiceRunner - main Executor - *Finished Time = 2021-05-28T09:21:55.133
2021-05-28 09:21:55,133 [main] INFO  org.jsmart.zerocode.parallel.ExecutorServiceRunner - Waiting for the next test flight to adjust the overall ramp up time, waiting time in the transit now = 400.0
2021-05-28 09:21:55,539 [main] INFO  org.jsmart.zerocode.parallel.ExecutorServiceRunner - main Executor - *Start... Time = 2021-05-28T09:21:55.539
2021-05-28 09:21:55,539 [main] INFO  org.jsmart.zerocode.parallel.ExecutorServiceRunner - main Executor - *Finished Time = 2021-05-28T09:21:55.539
2021-05-28 09:21:55,539 [pool-2-thread-5] INFO  org.jsmart.zerocode.core.runner.parallel.LoadProcessor - pool-2-thread-5 Parallel Junit test- *Start. Time = 2021-05-28T09:21:55.539
2021-05-28 09:21:55,539 [pool-2-thread-5] INFO  org.jsmart.zerocode.core.runner.parallel.LoadProcessor - pool-2-thread-5 Parallel Junit test- *  End. Time = 2021-05-28T09:21:55.539
2021-05-28 09:21:55,539 [main] INFO  org.jsmart.zerocode.parallel.ExecutorServiceRunner - **Finished executing all threads**
2021-05-28 09:21:55,539 [main] WARN  org.jsmart.zerocode.core.runner.parallel.LoadProcessor - 
-----------------------------------------------------------------------------------------------------------
==>> Completed this load-run!
==>> Number of load tests ran : 50
==>> View the detailed performance results in the 'target/zerocode-junit-granular-report.csv' folder.
-----------------------------------------------------------------------------------------------------------


2021-05-28 09:21:55,539 [main] ERROR org.jsmart.zerocode.core.runner.parallel.ZeroCodeLoadRunner - TestAlgorithm.compare Failed. See target/logs -or- junit granular failure report(csv) -or- fuzzy search and filter report(html) for details
